2025-03-02 10:47:33,243 - INFO - Function `convert_col_to_string` executed in 0.4887 sec, CPU: 11.90%, Memory: 88.23MB
2025-03-02 10:47:33,722 - INFO - Function `convert_col_to_string` executed in 0.4771 sec, CPU: 3.20%, Memory: 0.00MB
2025-03-02 10:47:33,744 - INFO - Function `df_itertuple` executed in 0.0164 sec, CPU: 0.00%, Memory: 0.00MB
2025-03-02 10:47:33,762 - INFO - Function `df_itertuple` executed in 0.0150 sec, CPU: 35.30%, Memory: 2.64MB
2025-03-02 10:47:33,800 - INFO - Function `create_pg_db` executed in 0.0331 sec, CPU: 2.00%, Memory: 9.47MB
2025-03-02 10:47:37,718 - INFO - Function `create_pg_table` executed in 3.8365 sec, CPU: 42.70%, Memory: 105.69MB
2025-03-02 10:47:42,125 - INFO - Function `create_pg_table` executed in 4.1081 sec, CPU: 10.60%, Memory: 207.69MB
2025-03-02 10:47:43,936 - INFO - Function `retrieve_pg_table` executed in 1.5797 sec, CPU: 9.00%, Memory: 110.45MB
2025-03-02 10:47:44,403 - INFO - Function `retrieve_pg_table` executed in 0.4664 sec, CPU: 36.50%, Memory: 84.11MB
2025-03-02 10:47:48,400 - INFO - Retrieved 100000 records from prev_blobs_wkt.
2025-03-02 10:47:48,421 - INFO - Using batch size: 5000, Total batches: 20
2025-03-02 10:47:50,585 - INFO - Retrieved 100000 records from prev_blobs_wkt.
2025-03-02 10:47:50,610 - INFO - Retrieved 100000 records from prev_blobs_wkt.
2025-03-02 10:47:50,649 - INFO - Retrieved 100000 records from prev_blobs_wkt.
2025-03-02 10:47:50,657 - INFO - Retrieved 100000 records from prev_blobs_wkt.
2025-03-02 10:47:50,678 - INFO - Retrieved 100000 records from prev_blobs_wkt.
2025-03-02 10:47:51,132 - INFO - Retrieved 100000 records from curr_blobs_wkt.
2025-03-02 10:47:51,138 - INFO - Chunk ['dhy2muq', 'dhy0wdc', 'dhy2dne']...: 100000 prev, 100000 curr polygons
2025-03-02 10:47:51,209 - INFO - Retrieved 100000 records from curr_blobs_wkt.
2025-03-02 10:47:51,213 - INFO - Chunk ['dn4j2kp', 'dn1trs7', 'dn1vf4p']...: 100000 prev, 100000 curr polygons
2025-03-02 10:47:51,241 - INFO - Retrieved 100000 records from curr_blobs_wkt.
2025-03-02 10:47:51,246 - INFO - Chunk ['dnepq9c', 'dnep3k3', 'dnepmxb']...: 100000 prev, 100000 curr polygons
2025-03-02 10:47:51,254 - INFO - Retrieved 100000 records from curr_blobs_wkt.
2025-03-02 10:47:51,260 - INFO - Chunk ['djb5c9y', '9veckvb', '9vecd0t']...: 100000 prev, 100000 curr polygons
2025-03-02 10:47:51,265 - INFO - Retrieved 100000 records from curr_blobs_wkt.
2025-03-02 10:47:51,271 - INFO - Chunk ['9yr0f7p', '9yr0cv5', '9yr1187']...: 100000 prev, 100000 curr polygons
2025-03-02 10:47:53,476 - INFO - Retrieved 100000 records from prev_blobs_wkt.
2025-03-02 10:47:53,507 - INFO - Retrieved 100000 records from prev_blobs_wkt.
2025-03-02 10:47:53,524 - INFO - Retrieved 100000 records from prev_blobs_wkt.
2025-03-02 10:47:53,533 - INFO - Retrieved 100000 records from prev_blobs_wkt.
2025-03-02 10:47:53,593 - INFO - Retrieved 100000 records from prev_blobs_wkt.
2025-03-02 10:47:54,175 - INFO - Retrieved 100000 records from curr_blobs_wkt.
2025-03-02 10:47:54,178 - INFO - Retrieved 100000 records from curr_blobs_wkt.
2025-03-02 10:47:54,181 - INFO - Chunk ['dp44th5', 'dp44eus', 'dp44ese']...: 100000 prev, 100000 curr polygons
2025-03-02 10:47:54,183 - INFO - Chunk ['dnsjn36', 'dnsjnfr', 'dnsjpsk']...: 100000 prev, 100000 curr polygons
2025-03-02 10:47:54,225 - INFO - Retrieved 100000 records from curr_blobs_wkt.
2025-03-02 10:47:54,229 - INFO - Retrieved 100000 records from curr_blobs_wkt.
2025-03-02 10:47:54,230 - INFO - Chunk ['dppqp35', 'dppnhdb', 'dppn4qj']...: 100000 prev, 100000 curr polygons
2025-03-02 10:47:54,233 - INFO - Chunk ['drv0sq7', 'dru8sp5', 'drv2wxh']...: 100000 prev, 100000 curr polygons
2025-03-02 10:47:54,313 - INFO - Retrieved 100000 records from curr_blobs_wkt.
2025-03-02 10:47:54,321 - INFO - Chunk ['cb57zez', 'cb5ebuw', 'cb5egxr']...: 100000 prev, 100000 curr polygons
2025-03-02 10:47:54,646 - INFO - Skipping batch - No overlapping geohashes
2025-03-02 10:47:56,602 - INFO - Retrieved 100000 records from prev_blobs_wkt.
2025-03-02 10:47:56,615 - INFO - Retrieved 100000 records from prev_blobs_wkt.
2025-03-02 10:47:56,649 - INFO - Retrieved 100000 records from prev_blobs_wkt.
2025-03-02 10:47:56,675 - INFO - Retrieved 100000 records from prev_blobs_wkt.
2025-03-02 10:47:57,111 - INFO - Retrieved 100000 records from prev_blobs_wkt.
2025-03-02 10:47:57,158 - INFO - Retrieved 100000 records from curr_blobs_wkt.
2025-03-02 10:47:57,161 - INFO - Chunk ['9wrb5tb', '9wr8pp6', '9y0pw7q']...: 100000 prev, 100000 curr polygons
2025-03-02 10:47:57,188 - INFO - Retrieved 100000 records from curr_blobs_wkt.
2025-03-02 10:47:57,192 - INFO - Chunk ['9qx5bz0', '9qwebpf', '9qwsj7m']...: 100000 prev, 100000 curr polygons
2025-03-02 10:47:57,209 - INFO - Retrieved 100000 records from curr_blobs_wkt.
2025-03-02 10:47:57,213 - INFO - Chunk ['9tuj53z', '9tuj541', '9tgvq1m']...: 100000 prev, 100000 curr polygons
2025-03-02 10:47:57,270 - INFO - Retrieved 100000 records from curr_blobs_wkt.
2025-03-02 10:47:57,278 - INFO - Chunk ['9qj3u5y', '9qj6n84', '9qh9ncb']...: 100000 prev, 100000 curr polygons
2025-03-02 10:47:57,518 - INFO - Skipping batch - No overlapping geohashes
2025-03-02 10:47:57,750 - INFO - Retrieved 100000 records from curr_blobs_wkt.
2025-03-02 10:47:57,754 - INFO - Chunk ['9z005fd', '9wzwuxt', '9wzz15m']...: 100000 prev, 100000 curr polygons
2025-03-02 10:47:59,935 - INFO - Retrieved 100000 records from prev_blobs_wkt.
2025-03-02 10:48:00,019 - INFO - Retrieved 100000 records from prev_blobs_wkt.
2025-03-02 10:48:00,021 - INFO - Retrieved 100000 records from prev_blobs_wkt.
2025-03-02 10:48:00,084 - INFO - Retrieved 100000 records from prev_blobs_wkt.
2025-03-02 10:48:00,698 - INFO - Retrieved 100000 records from curr_blobs_wkt.
2025-03-02 10:48:00,701 - INFO - Chunk ['9z3xn3n', '9z3xnff', '9z3z157']...: 100000 prev, 100000 curr polygons
2025-03-02 10:48:00,777 - INFO - Retrieved 100000 records from prev_blobs_wkt.
2025-03-02 10:48:00,828 - INFO - Retrieved 100000 records from curr_blobs_wkt.
2025-03-02 10:48:00,831 - INFO - Chunk ['9x1krm4', '9x1kqqm', '9x1s2z9']...: 100000 prev, 100000 curr polygons
2025-03-02 10:48:00,835 - INFO - Retrieved 100000 records from curr_blobs_wkt.
2025-03-02 10:48:00,840 - INFO - Chunk ['9r91uf2', '9r91ztj', '9r944p7']...: 100000 prev, 100000 curr polygons
2025-03-02 10:48:00,866 - INFO - Retrieved 100000 records from curr_blobs_wkt.
2025-03-02 10:48:00,870 - INFO - Chunk ['c85u2d4', 'c85srhy', 'c85s6uy']...: 100000 prev, 100000 curr polygons
2025-03-02 10:48:01,508 - INFO - Retrieved 100000 records from curr_blobs_wkt.
2025-03-02 10:48:01,511 - INFO - Chunk ['c802n2u', 'c80251v', 'c8081tg']...: 100000 prev, 100000 curr polygons
2025-03-02 10:52:53,319 - INFO - Function `convert_col_to_string` executed in 0.5338 sec, CPU: 22.60%, Memory: 58.09MB
2025-03-02 10:52:53,824 - INFO - Function `convert_col_to_string` executed in 0.5021 sec, CPU: 29.80%, Memory: 33.39MB
2025-03-02 10:52:53,851 - INFO - Function `df_itertuple` executed in 0.0202 sec, CPU: 19.60%, Memory: 0.45MB
2025-03-02 10:52:53,873 - INFO - Function `df_itertuple` executed in 0.0174 sec, CPU: 61.50%, Memory: 0.70MB
2025-03-02 10:52:53,911 - INFO - Function `create_pg_db` executed in 0.0326 sec, CPU: 40.00%, Memory: 18.81MB
2025-03-02 10:52:57,872 - INFO - Function `create_pg_table` executed in 3.8812 sec, CPU: 35.60%, Memory: 246.20MB
2025-03-02 10:53:01,847 - INFO - Function `create_pg_table` executed in 3.7044 sec, CPU: 7.20%, Memory: 13.52MB
2025-03-02 10:53:02,562 - INFO - Function `retrieve_pg_table` executed in 0.4995 sec, CPU: 20.30%, Memory: 30.45MB
2025-03-02 10:53:02,993 - INFO - Function `retrieve_pg_table` executed in 0.4290 sec, CPU: 23.10%, Memory: 33.28MB
2025-03-02 10:53:07,270 - INFO - Retrieved 100000 records from prev_blobs_wkt.
2025-03-02 10:53:07,296 - INFO - Using batch size: 5000, Total batches: 20
2025-03-02 10:53:10,387 - INFO - Retrieved 100000 records from prev_blobs_wkt.
2025-03-02 10:53:10,534 - INFO - Retrieved 100000 records from prev_blobs_wkt.
2025-03-02 10:53:10,536 - INFO - Retrieved 100000 records from prev_blobs_wkt.
2025-03-02 10:53:10,539 - INFO - Retrieved 100000 records from prev_blobs_wkt.
2025-03-02 10:53:10,585 - INFO - Retrieved 100000 records from prev_blobs_wkt.
2025-03-02 10:53:11,328 - INFO - Retrieved 100000 records from curr_blobs_wkt.
2025-03-02 10:53:11,335 - INFO - Chunk ['dnepq9c', 'dnep3k3', 'dnepmxb']...: 100000 prev, 100000 curr polygons
2025-03-02 10:53:11,483 - INFO - Retrieved 100000 records from curr_blobs_wkt.
2025-03-02 10:53:11,485 - INFO - Retrieved 100000 records from curr_blobs_wkt.
2025-03-02 10:53:11,490 - INFO - Chunk ['dn4j2kp', 'dn1trs7', 'dn1vf4p']...: 100000 prev, 100000 curr polygons
2025-03-02 10:53:11,497 - INFO - Chunk ['9yr0f7p', '9yr0cv5', '9yr1187']...: 100000 prev, 100000 curr polygons
2025-03-02 10:53:11,562 - INFO - Retrieved 100000 records from curr_blobs_wkt.
2025-03-02 10:53:11,575 - INFO - Chunk ['dhy2muq', 'dhy0wdc', 'dhy2dne']...: 100000 prev, 100000 curr polygons
2025-03-02 10:53:11,816 - INFO - Retrieved 100000 records from curr_blobs_wkt.
2025-03-02 10:53:11,838 - INFO - Chunk ['djb5c9y', '9veckvb', '9vecd0t']...: 100000 prev, 100000 curr polygons
2025-03-02 10:53:11,985 - INFO - Starting match_geometries()
2025-03-02 10:53:12,178 - INFO - Starting match_geometries()
2025-03-02 10:53:12,197 - INFO - Starting match_geometries()
2025-03-02 10:53:12,207 - INFO - Starting match_geometries()
2025-03-02 10:53:12,377 - INFO - Starting match_geometries()
2025-03-02 10:53:12,586 - INFO - match_geometries: Found 0 matches
2025-03-02 10:53:12,587 - INFO - Found 0 matches in chunk ['dhy2muq', 'dhy0wdc', 'dhy2dne']...
2025-03-02 10:53:12,587 - INFO - Chunk ['dhy2muq', 'dhy0wdc', 'dhy2dne'] completed in 3.2001 sec, Memory Used: 674.11 MB
2025-03-02 10:53:12,828 - INFO - match_geometries: Found 0 matches
2025-03-02 10:53:12,828 - INFO - Found 0 matches in chunk ['dn4j2kp', 'dn1trs7', 'dn1vf4p']...
2025-03-02 10:53:12,828 - INFO - Chunk ['dn4j2kp', 'dn1trs7', 'dn1vf4p'] completed in 3.4728 sec, Memory Used: 745.20 MB
2025-03-02 10:53:12,985 - INFO - match_geometries: Found 1 matches
2025-03-02 10:53:12,985 - INFO - Found 1 matches in chunk ['dnepq9c', 'dnep3k3', 'dnepmxb']...
2025-03-02 10:53:12,986 - INFO - match_geometries: Found 1 matches
2025-03-02 10:53:12,986 - INFO - Found 1 matches in chunk ['9yr0f7p', '9yr0cv5', '9yr1187']...
2025-03-02 10:53:12,992 - INFO - Chunk ['dnepq9c', 'dnep3k3', 'dnepmxb'] completed in 3.6912 sec, Memory Used: 915.47 MB
2025-03-02 10:53:12,993 - INFO - Chunk ['9yr0f7p', '9yr0cv5', '9yr1187'] completed in 3.4260 sec, Memory Used: 906.89 MB
2025-03-02 10:53:13,959 - INFO - match_geometries: Found 1 matches
2025-03-02 10:53:13,960 - INFO - Found 1 matches in chunk ['djb5c9y', '9veckvb', '9vecd0t']...
2025-03-02 10:53:13,968 - INFO - Chunk ['djb5c9y', '9veckvb', '9vecd0t'] completed in 4.3086 sec, Memory Used: 535.00 MB
2025-03-02 10:53:19,829 - INFO - Retrieved 100000 records from prev_blobs_wkt.
2025-03-02 10:53:19,860 - INFO - Retrieved 100000 records from prev_blobs_wkt.
2025-03-02 10:53:19,864 - INFO - Retrieved 100000 records from prev_blobs_wkt.
2025-03-02 10:53:20,212 - INFO - Retrieved 100000 records from prev_blobs_wkt.
2025-03-02 10:53:22,265 - INFO - Retrieved 100000 records from curr_blobs_wkt.
2025-03-02 10:53:22,295 - INFO - Chunk ['dp44th5', 'dp44eus', 'dp44ese']...: 100000 prev, 100000 curr polygons
2025-03-02 10:53:22,342 - INFO - Retrieved 100000 records from prev_blobs_wkt.
2025-03-02 10:53:22,546 - INFO - Retrieved 100000 records from curr_blobs_wkt.
2025-03-02 10:53:22,551 - INFO - Chunk ['dppqp35', 'dppnhdb', 'dppn4qj']...: 100000 prev, 100000 curr polygons
2025-03-02 10:53:22,696 - INFO - Retrieved 100000 records from curr_blobs_wkt.
2025-03-02 10:53:22,700 - INFO - Chunk ['drv0sq7', 'dru8sp5', 'drv2wxh']...: 100000 prev, 100000 curr polygons
2025-03-02 10:53:23,166 - INFO - Retrieved 100000 records from curr_blobs_wkt.
2025-03-02 10:53:23,172 - INFO - Chunk ['dnsjn36', 'dnsjnfr', 'dnsjpsk']...: 100000 prev, 100000 curr polygons
2025-03-02 10:53:23,985 - INFO - Starting match_geometries()
2025-03-02 10:53:24,232 - INFO - Skipping batch - No overlapping geohashes
2025-03-02 10:53:24,389 - INFO - Starting match_geometries()
2025-03-02 10:53:24,680 - INFO - Starting match_geometries()
2025-03-02 10:53:25,222 - INFO - Retrieved 100000 records from curr_blobs_wkt.
2025-03-02 10:53:25,228 - INFO - Chunk ['cb57zez', 'cb5ebuw', 'cb5egxr']...: 100000 prev, 100000 curr polygons
2025-03-02 10:53:26,250 - INFO - match_geometries: Found 0 matches
2025-03-02 10:53:26,251 - INFO - Found 0 matches in chunk ['dp44th5', 'dp44eus', 'dp44ese']...
2025-03-02 10:53:26,251 - INFO - Chunk ['dp44th5', 'dp44eus', 'dp44ese'] completed in 8.6148 sec, Memory Used: 120.41 MB
2025-03-02 10:53:27,507 - INFO - match_geometries: Found 0 matches
2025-03-02 10:53:27,508 - INFO - Found 0 matches in chunk ['dnsjn36', 'dnsjnfr', 'dnsjpsk']...
2025-03-02 10:53:27,508 - INFO - Chunk ['dnsjn36', 'dnsjnfr', 'dnsjpsk'] completed in 9.4996 sec, Memory Used: 281.06 MB
2025-03-02 10:53:27,514 - INFO - Starting match_geometries()
2025-03-02 10:53:29,777 - INFO - match_geometries: Found 0 matches
2025-03-02 10:53:29,780 - INFO - Found 0 matches in chunk ['dppqp35', 'dppnhdb', 'dppn4qj']...
2025-03-02 10:53:29,780 - INFO - Chunk ['dppqp35', 'dppnhdb', 'dppn4qj'] completed in 12.1313 sec, Memory Used: 189.58 MB
2025-03-02 10:53:31,633 - INFO - match_geometries: Found 0 matches
2025-03-02 10:53:31,633 - INFO - Found 0 matches in chunk ['cb57zez', 'cb5ebuw', 'cb5egxr']...
2025-03-02 10:53:31,634 - INFO - Chunk ['cb57zez', 'cb5ebuw', 'cb5egxr'] completed in 11.7908 sec, Memory Used: 272.41 MB
2025-03-02 10:53:37,593 - INFO - Retrieved 100000 records from prev_blobs_wkt.
2025-03-02 10:53:39,150 - INFO - Retrieved 100000 records from prev_blobs_wkt.
2025-03-02 10:53:41,510 - INFO - Retrieved 100000 records from curr_blobs_wkt.
2025-03-02 10:53:41,516 - INFO - Chunk ['9tuj53z', '9tuj541', '9tgvq1m']...: 100000 prev, 100000 curr polygons
2025-03-02 10:53:41,517 - INFO - Retrieved 100000 records from prev_blobs_wkt.
2025-03-02 11:01:31,292 - INFO - Function `convert_col_to_string` executed in 0.5058 sec, CPU: 22.80%, Memory: 84.36MB
2025-03-02 11:01:31,775 - INFO - Function `convert_col_to_string` executed in 0.4812 sec, CPU: 0.00%, Memory: 60.05MB
2025-03-02 11:01:31,798 - INFO - Function `df_itertuple` executed in 0.0177 sec, CPU: 25.00%, Memory: 1.12MB
2025-03-02 11:01:31,817 - INFO - Function `df_itertuple` executed in 0.0151 sec, CPU: 63.60%, Memory: 6.02MB
2025-03-02 11:01:31,890 - INFO - Function `create_pg_db` executed in 0.0684 sec, CPU: 20.20%, Memory: 10.86MB
2025-03-02 11:01:35,833 - INFO - Function `create_pg_table` executed in 3.8524 sec, CPU: 45.60%, Memory: 177.92MB
2025-03-02 11:01:39,858 - INFO - Function `create_pg_table` executed in 3.7344 sec, CPU: 4.00%, Memory: 47.25MB
2025-03-02 11:01:40,673 - INFO - Function `retrieve_pg_table` executed in 0.5873 sec, CPU: 30.30%, Memory: 52.28MB
2025-03-02 11:01:41,996 - INFO - Function `retrieve_pg_table` executed in 1.3225 sec, CPU: 28.80%, Memory: 126.39MB
2025-03-02 11:01:45,937 - INFO - Retrieved 100000 records from prev_blobs_wkt.
2025-03-02 11:01:45,960 - INFO - Using batch size: 5000, Total batches: 20
2025-03-02 11:01:48,265 - INFO - Retrieved 100000 records from prev_blobs_wkt.
2025-03-02 11:01:48,282 - INFO - Retrieved 100000 records from prev_blobs_wkt.
2025-03-02 11:01:48,303 - INFO - Retrieved 100000 records from prev_blobs_wkt.
2025-03-02 11:01:48,318 - INFO - Retrieved 100000 records from prev_blobs_wkt.
2025-03-02 11:01:48,328 - INFO - Retrieved 100000 records from prev_blobs_wkt.
2025-03-02 11:01:48,868 - INFO - Retrieved 100000 records from curr_blobs_wkt.
2025-03-02 11:01:48,873 - INFO - Chunk ['9yr0f7p', '9yr0cv5', '9yr1187']...: 100000 prev, 100000 curr polygons
2025-03-02 11:01:48,943 - INFO - Retrieved 100000 records from curr_blobs_wkt.
2025-03-02 11:01:48,946 - INFO - Retrieved 100000 records from curr_blobs_wkt.
2025-03-02 11:01:48,950 - INFO - Chunk ['dnepq9c', 'dnep3k3', 'dnepmxb']...: 100000 prev, 100000 curr polygons
2025-03-02 11:01:48,953 - INFO - Chunk ['djb5c9y', '9veckvb', '9vecd0t']...: 100000 prev, 100000 curr polygons
2025-03-02 11:01:49,001 - INFO - Retrieved 100000 records from curr_blobs_wkt.
2025-03-02 11:01:49,006 - INFO - Retrieved 100000 records from curr_blobs_wkt.
2025-03-02 11:01:49,006 - INFO - Chunk ['dn4j2kp', 'dn1trs7', 'dn1vf4p']...: 100000 prev, 100000 curr polygons
2025-03-02 11:01:49,009 - INFO - Chunk ['dhy2muq', 'dhy0wdc', 'dhy2dne']...: 100000 prev, 100000 curr polygons
2025-03-02 11:01:49,216 - INFO - Starting match_geometries()
2025-03-02 11:01:49,288 - INFO - Starting match_geometries()
2025-03-02 11:01:49,296 - INFO - Starting match_geometries()
2025-03-02 11:01:49,319 - INFO - Starting match_geometries()
2025-03-02 11:01:49,371 - INFO - Starting match_geometries()
2025-03-02 11:01:49,629 - INFO - match_geometries: Found 0 matches
2025-03-02 11:01:49,629 - INFO - Found 0 matches in chunk ['dhy2muq', 'dhy0wdc', 'dhy2dne']...
2025-03-02 11:01:49,629 - INFO - Chunk ['dhy2muq', 'dhy0wdc', 'dhy2dne'] completed in 1.8819 sec, Memory Used: 157.81 MB
2025-03-02 11:01:49,806 - INFO - match_geometries: Found 0 matches
2025-03-02 11:01:49,806 - INFO - Found 0 matches in chunk ['dn4j2kp', 'dn1trs7', 'dn1vf4p']...
2025-03-02 11:01:49,806 - INFO - Chunk ['dn4j2kp', 'dn1trs7', 'dn1vf4p'] completed in 2.0919 sec, Memory Used: 243.41 MB
2025-03-02 11:01:49,860 - INFO - match_geometries: Found 1 matches
2025-03-02 11:01:49,861 - INFO - Found 1 matches in chunk ['9yr0f7p', '9yr0cv5', '9yr1187']...
2025-03-02 11:01:49,866 - INFO - Chunk ['9yr0f7p', '9yr0cv5', '9yr1187'] completed in 2.1535 sec, Memory Used: 226.70 MB
2025-03-02 11:01:50,009 - INFO - match_geometries: Found 1 matches
2025-03-02 11:01:50,009 - INFO - Found 1 matches in chunk ['dnepq9c', 'dnep3k3', 'dnepmxb']...
2025-03-02 11:01:50,015 - INFO - Chunk ['dnepq9c', 'dnep3k3', 'dnepmxb'] completed in 2.2825 sec, Memory Used: 414.83 MB
2025-03-02 11:01:50,074 - INFO - match_geometries: Found 1 matches
2025-03-02 11:01:50,075 - INFO - Found 1 matches in chunk ['djb5c9y', '9veckvb', '9vecd0t']...
2025-03-02 11:01:50,080 - INFO - Chunk ['djb5c9y', '9veckvb', '9vecd0t'] completed in 2.3524 sec, Memory Used: 355.83 MB
2025-03-02 11:01:52,105 - INFO - Retrieved 100000 records from prev_blobs_wkt.
2025-03-02 11:01:52,144 - INFO - Retrieved 100000 records from prev_blobs_wkt.
2025-03-02 11:01:52,150 - INFO - Retrieved 100000 records from prev_blobs_wkt.
2025-03-02 11:01:52,711 - INFO - Retrieved 100000 records from prev_blobs_wkt.
2025-03-02 11:01:52,793 - INFO - Retrieved 100000 records from prev_blobs_wkt.
2025-03-02 11:01:52,818 - INFO - Retrieved 100000 records from curr_blobs_wkt.
2025-03-02 11:01:52,822 - INFO - Chunk ['dp44th5', 'dp44eus', 'dp44ese']...: 100000 prev, 100000 curr polygons
2025-03-02 11:01:52,848 - INFO - Retrieved 100000 records from curr_blobs_wkt.
2025-03-02 11:01:52,852 - INFO - Chunk ['dnsjn36', 'dnsjnfr', 'dnsjpsk']...: 100000 prev, 100000 curr polygons
2025-03-02 11:01:52,863 - INFO - Retrieved 100000 records from curr_blobs_wkt.
2025-03-02 11:01:52,868 - INFO - Chunk ['dppqp35', 'dppnhdb', 'dppn4qj']...: 100000 prev, 100000 curr polygons
2025-03-02 11:01:53,166 - INFO - Starting match_geometries()
2025-03-02 11:01:53,179 - INFO - Starting match_geometries()
2025-03-02 11:01:53,222 - INFO - Starting match_geometries()
2025-03-02 11:01:53,331 - INFO - Retrieved 100000 records from curr_blobs_wkt.
2025-03-02 11:01:53,336 - INFO - Chunk ['drv0sq7', 'dru8sp5', 'drv2wxh']...: 100000 prev, 100000 curr polygons
2025-03-02 11:01:53,425 - INFO - Retrieved 100000 records from curr_blobs_wkt.
2025-03-02 11:01:53,430 - INFO - Chunk ['cb57zez', 'cb5ebuw', 'cb5egxr']...: 100000 prev, 100000 curr polygons
2025-03-02 11:01:53,573 - INFO - match_geometries: Found 0 matches
2025-03-02 11:01:53,573 - INFO - Found 0 matches in chunk ['dnsjn36', 'dnsjnfr', 'dnsjpsk']...
2025-03-02 11:01:53,574 - INFO - Chunk ['dnsjn36', 'dnsjnfr', 'dnsjpsk'] completed in 1.9804 sec, Memory Used: 191.23 MB
2025-03-02 11:01:53,585 - INFO - match_geometries: Found 0 matches
2025-03-02 11:01:53,586 - INFO - Found 0 matches in chunk ['dp44th5', 'dp44eus', 'dp44ese']...
2025-03-02 11:01:53,586 - INFO - Chunk ['dp44th5', 'dp44eus', 'dp44ese'] completed in 2.0041 sec, Memory Used: 195.28 MB
2025-03-02 11:01:53,691 - INFO - Skipping batch - No overlapping geohashes
2025-03-02 11:01:53,757 - INFO - Starting match_geometries()
2025-03-02 11:01:53,871 - INFO - match_geometries: Found 0 matches
2025-03-02 11:01:53,872 - INFO - Found 0 matches in chunk ['dppqp35', 'dppnhdb', 'dppn4qj']...
2025-03-02 11:01:53,872 - INFO - Chunk ['dppqp35', 'dppnhdb', 'dppn4qj'] completed in 2.2921 sec, Memory Used: 572.95 MB
2025-03-02 11:01:54,117 - INFO - match_geometries: Found 0 matches
2025-03-02 11:01:54,117 - INFO - Found 0 matches in chunk ['cb57zez', 'cb5ebuw', 'cb5egxr']...
2025-03-02 11:01:54,118 - INFO - Chunk ['cb57zez', 'cb5ebuw', 'cb5egxr'] completed in 1.9747 sec, Memory Used: 524.69 MB
2025-03-02 11:01:55,870 - INFO - Retrieved 100000 records from prev_blobs_wkt.
2025-03-02 11:01:55,874 - INFO - Retrieved 100000 records from prev_blobs_wkt.
2025-03-02 11:01:55,876 - INFO - Retrieved 100000 records from prev_blobs_wkt.
2025-03-02 11:01:56,278 - INFO - Retrieved 100000 records from prev_blobs_wkt.
2025-03-02 11:01:56,421 - INFO - Retrieved 100000 records from prev_blobs_wkt.
2025-03-02 11:01:56,484 - INFO - Retrieved 100000 records from curr_blobs_wkt.
2025-03-02 11:01:56,484 - INFO - Retrieved 100000 records from curr_blobs_wkt.
2025-03-02 11:01:56,486 - INFO - Retrieved 100000 records from curr_blobs_wkt.
2025-03-02 11:01:56,490 - INFO - Chunk ['9tuj53z', '9tuj541', '9tgvq1m']...: 100000 prev, 100000 curr polygons
2025-03-02 11:01:56,491 - INFO - Chunk ['9wrb5tb', '9wr8pp6', '9y0pw7q']...: 100000 prev, 100000 curr polygons
2025-03-02 11:01:56,492 - INFO - Chunk ['9qj3u5y', '9qj6n84', '9qh9ncb']...: 100000 prev, 100000 curr polygons
2025-03-02 11:01:56,869 - INFO - Starting match_geometries()
2025-03-02 11:01:56,877 - INFO - Starting match_geometries()
2025-03-02 11:01:56,891 - INFO - Starting match_geometries()
2025-03-02 11:01:56,948 - INFO - Retrieved 100000 records from curr_blobs_wkt.
2025-03-02 11:01:56,952 - INFO - Chunk ['9qx5bz0', '9qwebpf', '9qwsj7m']...: 100000 prev, 100000 curr polygons
2025-03-02 11:01:57,083 - INFO - Retrieved 100000 records from curr_blobs_wkt.
2025-03-02 11:01:57,086 - INFO - Chunk ['9z005fd', '9wzwuxt', '9wzz15m']...: 100000 prev, 100000 curr polygons
2025-03-02 11:01:57,141 - INFO - match_geometries: Found 0 matches
2025-03-02 11:01:57,141 - INFO - Found 0 matches in chunk ['9wrb5tb', '9wr8pp6', '9y0pw7q']...
2025-03-02 11:01:57,142 - INFO - Chunk ['9wrb5tb', '9wr8pp6', '9y0pw7q'] completed in 1.8762 sec, Memory Used: 165.47 MB
2025-03-02 11:01:57,290 - INFO - match_geometries: Found 1 matches
2025-03-02 11:01:57,290 - INFO - Found 1 matches in chunk ['9qj3u5y', '9qj6n84', '9qh9ncb']...
2025-03-02 11:01:57,297 - INFO - Chunk ['9qj3u5y', '9qj6n84', '9qh9ncb'] completed in 2.0178 sec, Memory Used: 99.22 MB
2025-03-02 11:01:57,305 - INFO - Skipping batch - No overlapping geohashes
2025-03-02 11:01:57,427 - INFO - Starting match_geometries()
2025-03-02 11:01:57,525 - INFO - match_geometries: Found 1 matches
2025-03-02 11:01:57,526 - INFO - Found 1 matches in chunk ['9tuj53z', '9tuj541', '9tgvq1m']...
2025-03-02 11:01:57,530 - INFO - Chunk ['9tuj53z', '9tuj541', '9tgvq1m'] completed in 2.2517 sec, Memory Used: 127.86 MB
2025-03-02 11:01:57,780 - INFO - match_geometries: Found 0 matches
2025-03-02 11:01:57,780 - INFO - Found 0 matches in chunk ['9z005fd', '9wzwuxt', '9wzz15m']...
2025-03-02 11:01:57,780 - INFO - Chunk ['9z005fd', '9wzwuxt', '9wzz15m'] completed in 1.9755 sec, Memory Used: 125.20 MB
2025-03-02 11:01:59,595 - INFO - Retrieved 100000 records from prev_blobs_wkt.
2025-03-02 11:01:59,617 - INFO - Retrieved 100000 records from prev_blobs_wkt.
2025-03-02 11:01:59,647 - INFO - Retrieved 100000 records from prev_blobs_wkt.
2025-03-02 11:02:00,263 - INFO - Retrieved 100000 records from curr_blobs_wkt.
2025-03-02 11:02:00,266 - INFO - Chunk ['9r91uf2', '9r91ztj', '9r944p7']...: 100000 prev, 100000 curr polygons
2025-03-02 11:02:00,337 - INFO - Retrieved 100000 records from prev_blobs_wkt.
2025-03-02 11:02:00,347 - INFO - Retrieved 100000 records from curr_blobs_wkt.
2025-03-02 11:02:00,349 - INFO - Retrieved 100000 records from curr_blobs_wkt.
2025-03-02 11:02:00,351 - INFO - Chunk ['9x1krm4', '9x1kqqm', '9x1s2z9']...: 100000 prev, 100000 curr polygons
2025-03-02 11:02:00,353 - INFO - Chunk ['9z3xn3n', '9z3xnff', '9z3z157']...: 100000 prev, 100000 curr polygons
2025-03-02 11:02:00,359 - INFO - Retrieved 100000 records from prev_blobs_wkt.
2025-03-02 11:02:00,622 - INFO - Starting match_geometries()
2025-03-02 11:02:00,692 - INFO - Starting match_geometries()
2025-03-02 11:02:00,701 - INFO - Starting match_geometries()
2025-03-02 11:02:01,089 - INFO - Retrieved 100000 records from curr_blobs_wkt.
2025-03-02 11:02:01,093 - INFO - Chunk ['c85u2d4', 'c85srhy', 'c85s6uy']...: 100000 prev, 100000 curr polygons
2025-03-02 11:02:01,108 - INFO - Retrieved 100000 records from curr_blobs_wkt.
2025-03-02 11:02:01,114 - INFO - Chunk ['c802n2u', 'c80251v', 'c8081tg']...: 100000 prev, 100000 curr polygons
2025-03-02 11:02:01,141 - INFO - match_geometries: Found 0 matches
2025-03-02 11:02:01,141 - INFO - Found 0 matches in chunk ['9r91uf2', '9r91ztj', '9r944p7']...
2025-03-02 11:02:01,141 - INFO - Chunk ['9r91uf2', '9r91ztj', '9r944p7'] completed in 2.2123 sec, Memory Used: 253.28 MB
2025-03-02 11:02:01,201 - INFO - match_geometries: Found 0 matches
2025-03-02 11:02:01,201 - INFO - Found 0 matches in chunk ['9z3xn3n', '9z3xnff', '9z3z157']...
2025-03-02 11:02:01,201 - INFO - Chunk ['9z3xn3n', '9z3xnff', '9z3z157'] completed in 2.2812 sec, Memory Used: 269.55 MB
2025-03-02 11:02:01,391 - INFO - Starting match_geometries()
2025-03-02 11:02:01,419 - INFO - Starting match_geometries()
2025-03-02 11:02:01,641 - INFO - match_geometries: Found 2 matches
2025-03-02 11:02:01,641 - INFO - Found 2 matches in chunk ['9x1krm4', '9x1kqqm', '9x1s2z9']...
2025-03-02 11:02:01,647 - INFO - Chunk ['9x1krm4', '9x1kqqm', '9x1s2z9'] completed in 2.7048 sec, Memory Used: 657.89 MB
2025-03-02 11:02:01,707 - INFO - match_geometries: Found 1 matches
2025-03-02 11:02:01,707 - INFO - Found 1 matches in chunk ['c85u2d4', 'c85srhy', 'c85s6uy']...
2025-03-02 11:02:01,711 - INFO - Chunk ['c85u2d4', 'c85srhy', 'c85s6uy'] completed in 2.0746 sec, Memory Used: 679.78 MB
2025-03-02 11:02:01,735 - INFO - match_geometries: Found 0 matches
2025-03-02 11:02:01,735 - INFO - Found 0 matches in chunk ['c802n2u', 'c80251v', 'c8081tg']...
2025-03-02 11:02:01,735 - INFO - Chunk ['c802n2u', 'c80251v', 'c8081tg'] completed in 2.0667 sec, Memory Used: 819.05 MB
2025-03-02 11:04:30,421 - INFO - Function `convert_col_to_string` executed in 0.5805 sec, CPU: 14.00%, Memory: 22.58MB
2025-03-02 11:04:30,903 - INFO - Function `convert_col_to_string` executed in 0.4802 sec, CPU: 21.80%, Memory: 14.53MB
2025-03-02 11:04:30,929 - INFO - Function `df_itertuple` executed in 0.0193 sec, CPU: 4.40%, Memory: 2.00MB
2025-03-02 11:04:30,945 - INFO - Function `df_itertuple` executed in 0.0139 sec, CPU: 18.20%, Memory: 0.83MB
2025-03-02 11:04:30,980 - INFO - Function `create_pg_db` executed in 0.0288 sec, CPU: 7.30%, Memory: 0.00MB
2025-03-02 11:04:34,814 - INFO - Function `create_pg_table` executed in 3.7556 sec, CPU: 34.90%, Memory: 43.56MB
2025-03-02 11:04:38,723 - INFO - Function `create_pg_table` executed in 3.6198 sec, CPU: 17.90%, Memory: 8.94MB
2025-03-02 11:04:39,342 - INFO - Function `retrieve_pg_table` executed in 0.4210 sec, CPU: 3.00%, Memory: 12.56MB
2025-03-02 11:04:39,775 - INFO - Function `retrieve_pg_table` executed in 0.4323 sec, CPU: 21.50%, Memory: 22.88MB
2025-03-02 11:04:43,734 - INFO - Retrieved 100000 records from prev_blobs_wkt.
2025-03-02 11:04:43,756 - INFO - Using batch size: 5000, Total batches: 20
2025-03-02 11:04:45,874 - INFO - Retrieved 100000 records from prev_blobs_wkt.
2025-03-02 11:04:45,904 - INFO - Retrieved 100000 records from prev_blobs_wkt.
2025-03-02 11:04:45,926 - INFO - Retrieved 100000 records from prev_blobs_wkt.
2025-03-02 11:04:45,946 - INFO - Retrieved 100000 records from prev_blobs_wkt.
2025-03-02 11:04:46,022 - INFO - Retrieved 100000 records from prev_blobs_wkt.
2025-03-02 11:04:46,430 - INFO - Retrieved 100000 records from curr_blobs_wkt.
2025-03-02 11:04:46,439 - INFO - Chunk ['djb5c9y', '9veckvb', '9vecd0t']...: 100000 prev, 100000 curr polygons
2025-03-02 11:04:46,519 - INFO - Retrieved 100000 records from curr_blobs_wkt.
2025-03-02 11:04:46,521 - INFO - Retrieved 100000 records from curr_blobs_wkt.
2025-03-02 11:04:46,524 - INFO - Chunk ['dnepq9c', 'dnep3k3', 'dnepmxb']...: 100000 prev, 100000 curr polygons
2025-03-02 11:04:46,526 - INFO - Chunk ['dhy2muq', 'dhy0wdc', 'dhy2dne']...: 100000 prev, 100000 curr polygons
2025-03-02 11:04:46,528 - INFO - Retrieved 100000 records from curr_blobs_wkt.
2025-03-02 11:04:46,536 - INFO - Chunk ['dn4j2kp', 'dn1trs7', 'dn1vf4p']...: 100000 prev, 100000 curr polygons
2025-03-02 11:04:46,637 - INFO - Retrieved 100000 records from curr_blobs_wkt.
2025-03-02 11:04:46,643 - INFO - Chunk ['9yr0f7p', '9yr0cv5', '9yr1187']...: 100000 prev, 100000 curr polygons
2025-03-02 11:04:46,750 - INFO - Starting match_geometries()
2025-03-02 11:04:46,857 - INFO - Starting match_geometries()
2025-03-02 11:04:46,866 - INFO - Starting match_geometries()
2025-03-02 11:04:46,883 - INFO - Starting match_geometries()
2025-03-02 11:04:47,008 - INFO - Starting match_geometries()
2025-03-02 11:04:47,168 - INFO - match_geometries: Found 0 matches
2025-03-02 11:04:47,169 - INFO - Found 0 matches in chunk ['dhy2muq', 'dhy0wdc', 'dhy2dne']...
2025-03-02 11:04:47,169 - INFO - Chunk ['dhy2muq', 'dhy0wdc', 'dhy2dne'] completed in 1.8284 sec, Memory Used: 455.77 MB
2025-03-02 11:04:47,339 - INFO - match_geometries: Found 0 matches
2025-03-02 11:04:47,339 - INFO - Found 0 matches in chunk ['dn4j2kp', 'dn1trs7', 'dn1vf4p']...
2025-03-02 11:04:47,340 - INFO - Chunk ['dn4j2kp', 'dn1trs7', 'dn1vf4p'] completed in 1.9538 sec, Memory Used: 574.88 MB
2025-03-02 11:04:47,468 - INFO - match_geometries: Found 1 matches
2025-03-02 11:04:47,468 - INFO - Found 1 matches in chunk ['djb5c9y', '9veckvb', '9vecd0t']...
2025-03-02 11:04:47,472 - INFO - Chunk ['djb5c9y', '9veckvb', '9vecd0t'] completed in 2.1418 sec, Memory Used: 696.08 MB
2025-03-02 11:04:47,530 - INFO - match_geometries: Found 1 matches
2025-03-02 11:04:47,530 - INFO - Found 1 matches in chunk ['9yr0f7p', '9yr0cv5', '9yr1187']...
2025-03-02 11:04:47,535 - INFO - Chunk ['9yr0f7p', '9yr0cv5', '9yr1187'] completed in 2.1148 sec, Memory Used: 677.45 MB
2025-03-02 11:04:47,552 - INFO - match_geometries: Found 1 matches
2025-03-02 11:04:47,553 - INFO - Found 1 matches in chunk ['dnepq9c', 'dnep3k3', 'dnepmxb']...
2025-03-02 11:04:47,557 - INFO - Chunk ['dnepq9c', 'dnep3k3', 'dnepmxb'] completed in 2.1742 sec, Memory Used: 814.12 MB
2025-03-02 11:04:49,238 - INFO - Retrieved 100000 records from prev_blobs_wkt.
2025-03-02 11:04:49,619 - INFO - Retrieved 100000 records from prev_blobs_wkt.
2025-03-02 11:04:49,625 - INFO - Retrieved 100000 records from prev_blobs_wkt.
2025-03-02 11:04:49,638 - INFO - Retrieved 100000 records from prev_blobs_wkt.
2025-03-02 11:04:49,663 - INFO - Retrieved 100000 records from prev_blobs_wkt.
2025-03-02 11:04:50,028 - INFO - Retrieved 100000 records from curr_blobs_wkt.
2025-03-02 11:04:50,038 - INFO - Chunk ['dp44th5', 'dp44eus', 'dp44ese']...: 100000 prev, 100000 curr polygons
2025-03-02 11:04:50,340 - INFO - Retrieved 100000 records from curr_blobs_wkt.
2025-03-02 11:04:50,344 - INFO - Chunk ['drv0sq7', 'dru8sp5', 'drv2wxh']...: 100000 prev, 100000 curr polygons
2025-03-02 11:04:50,349 - INFO - Retrieved 100000 records from curr_blobs_wkt.
2025-03-02 11:04:50,355 - INFO - Retrieved 100000 records from curr_blobs_wkt.
2025-03-02 11:04:50,355 - INFO - Chunk ['dppqp35', 'dppnhdb', 'dppn4qj']...: 100000 prev, 100000 curr polygons
2025-03-02 11:04:50,358 - INFO - Chunk ['dnsjn36', 'dnsjnfr', 'dnsjpsk']...: 100000 prev, 100000 curr polygons
2025-03-02 11:04:50,405 - INFO - Retrieved 100000 records from curr_blobs_wkt.
2025-03-02 11:04:50,411 - INFO - Starting match_geometries()
2025-03-02 11:04:50,412 - INFO - Chunk ['cb57zez', 'cb5ebuw', 'cb5egxr']...: 100000 prev, 100000 curr polygons
2025-03-02 11:04:50,665 - INFO - Skipping batch - No overlapping geohashes
2025-03-02 11:04:50,671 - INFO - Starting match_geometries()
2025-03-02 11:04:50,691 - INFO - Starting match_geometries()
2025-03-02 11:04:50,745 - INFO - Starting match_geometries()
2025-03-02 11:04:50,759 - INFO - match_geometries: Found 0 matches
2025-03-02 11:04:50,759 - INFO - Found 0 matches in chunk ['dp44th5', 'dp44eus', 'dp44ese']...
2025-03-02 11:04:50,759 - INFO - Chunk ['dp44th5', 'dp44eus', 'dp44ese'] completed in 2.0778 sec, Memory Used: 125.89 MB
2025-03-02 11:04:51,029 - INFO - match_geometries: Found 0 matches
2025-03-02 11:04:51,029 - INFO - Found 0 matches in chunk ['dnsjn36', 'dnsjnfr', 'dnsjpsk']...
2025-03-02 11:04:51,029 - INFO - Chunk ['dnsjn36', 'dnsjnfr', 'dnsjpsk'] completed in 1.9916 sec, Memory Used: 3.58 MB
2025-03-02 11:04:51,066 - INFO - match_geometries: Found 0 matches
2025-03-02 11:04:51,066 - INFO - Found 0 matches in chunk ['cb57zez', 'cb5ebuw', 'cb5egxr']...
2025-03-02 11:04:51,066 - INFO - Chunk ['cb57zez', 'cb5ebuw', 'cb5egxr'] completed in 2.0318 sec, Memory Used: 0.33 MB
2025-03-02 11:04:51,225 - INFO - match_geometries: Found 0 matches
2025-03-02 11:04:51,225 - INFO - Found 0 matches in chunk ['dppqp35', 'dppnhdb', 'dppn4qj']...
2025-03-02 11:04:51,225 - INFO - Chunk ['dppqp35', 'dppnhdb', 'dppn4qj'] completed in 2.2037 sec, Memory Used: 118.44 MB
2025-03-02 11:04:52,626 - INFO - Retrieved 100000 records from prev_blobs_wkt.
2025-03-02 11:04:53,109 - INFO - Retrieved 100000 records from prev_blobs_wkt.
2025-03-02 11:04:53,115 - INFO - Retrieved 100000 records from prev_blobs_wkt.
2025-03-02 11:04:53,179 - INFO - Retrieved 100000 records from prev_blobs_wkt.
2025-03-02 11:04:53,213 - INFO - Retrieved 100000 records from curr_blobs_wkt.
2025-03-02 11:04:53,218 - INFO - Chunk ['9tuj53z', '9tuj541', '9tgvq1m']...: 100000 prev, 100000 curr polygons
2025-03-02 11:04:53,528 - INFO - Starting match_geometries()
2025-03-02 11:04:53,604 - INFO - Retrieved 100000 records from prev_blobs_wkt.
2025-03-02 11:04:53,701 - INFO - Retrieved 100000 records from curr_blobs_wkt.
2025-03-02 11:04:53,704 - INFO - Chunk ['9qj3u5y', '9qj6n84', '9qh9ncb']...: 100000 prev, 100000 curr polygons
2025-03-02 11:04:53,704 - INFO - Retrieved 100000 records from curr_blobs_wkt.
2025-03-02 11:04:53,708 - INFO - Chunk ['9wrb5tb', '9wr8pp6', '9y0pw7q']...: 100000 prev, 100000 curr polygons
2025-03-02 11:04:53,820 - INFO - Retrieved 100000 records from curr_blobs_wkt.
2025-03-02 11:04:53,824 - INFO - Chunk ['9qx5bz0', '9qwebpf', '9qwsj7m']...: 100000 prev, 100000 curr polygons
2025-03-02 11:04:54,018 - INFO - Starting match_geometries()
2025-03-02 11:04:54,029 - INFO - Starting match_geometries()
2025-03-02 11:04:54,153 - INFO - Skipping batch - No overlapping geohashes
2025-03-02 11:04:54,158 - INFO - match_geometries: Found 1 matches
2025-03-02 11:04:54,158 - INFO - Found 1 matches in chunk ['9tuj53z', '9tuj541', '9tgvq1m']...
2025-03-02 11:04:54,164 - INFO - Chunk ['9tuj53z', '9tuj541', '9tgvq1m'] completed in 2.0747 sec, Memory Used: 139.02 MB
2025-03-02 11:04:54,245 - INFO - match_geometries: Found 0 matches
2025-03-02 11:04:54,245 - INFO - Found 0 matches in chunk ['9wrb5tb', '9wr8pp6', '9y0pw7q']...
2025-03-02 11:04:54,246 - INFO - Chunk ['9wrb5tb', '9wr8pp6', '9y0pw7q'] completed in 1.6827 sec, Memory Used: 8.73 MB
2025-03-02 11:04:54,248 - INFO - Retrieved 100000 records from curr_blobs_wkt.
2025-03-02 11:04:54,254 - INFO - Chunk ['9z005fd', '9wzwuxt', '9wzz15m']...: 100000 prev, 100000 curr polygons
2025-03-02 11:04:54,368 - INFO - match_geometries: Found 1 matches
2025-03-02 11:04:54,368 - INFO - Found 1 matches in chunk ['9qj3u5y', '9qj6n84', '9qh9ncb']...
2025-03-02 11:04:54,373 - INFO - Chunk ['9qj3u5y', '9qj6n84', '9qh9ncb'] completed in 1.7992 sec, Memory Used: 270.36 MB
2025-03-02 11:04:54,510 - INFO - Starting match_geometries()
2025-03-02 11:04:54,886 - INFO - match_geometries: Found 0 matches
2025-03-02 11:04:54,886 - INFO - Found 0 matches in chunk ['9z005fd', '9wzwuxt', '9wzz15m']...
2025-03-02 11:04:54,886 - INFO - Chunk ['9z005fd', '9wzwuxt', '9wzz15m'] completed in 1.8457 sec, Memory Used: 296.67 MB
2025-03-02 11:04:56,379 - INFO - Retrieved 100000 records from prev_blobs_wkt.
2025-03-02 11:04:56,390 - INFO - Retrieved 100000 records from prev_blobs_wkt.
2025-03-02 11:04:56,392 - INFO - Retrieved 100000 records from prev_blobs_wkt.
2025-03-02 11:04:56,594 - INFO - Retrieved 100000 records from prev_blobs_wkt.
2025-03-02 11:04:56,896 - INFO - Retrieved 100000 records from prev_blobs_wkt.
2025-03-02 11:04:56,949 - INFO - Retrieved 100000 records from curr_blobs_wkt.
2025-03-02 11:04:56,953 - INFO - Chunk ['9r91uf2', '9r91ztj', '9r944p7']...: 100000 prev, 100000 curr polygons
2025-03-02 11:04:56,979 - INFO - Retrieved 100000 records from curr_blobs_wkt.
2025-03-02 11:04:56,983 - INFO - Chunk ['9x1krm4', '9x1kqqm', '9x1s2z9']...: 100000 prev, 100000 curr polygons
2025-03-02 11:04:56,994 - INFO - Retrieved 100000 records from curr_blobs_wkt.
2025-03-02 11:04:56,999 - INFO - Chunk ['9z3xn3n', '9z3xnff', '9z3z157']...: 100000 prev, 100000 curr polygons
2025-03-02 11:04:57,236 - INFO - Retrieved 100000 records from curr_blobs_wkt.
2025-03-02 11:04:57,241 - INFO - Chunk ['c85u2d4', 'c85srhy', 'c85s6uy']...: 100000 prev, 100000 curr polygons
2025-03-02 11:04:57,285 - INFO - Starting match_geometries()
2025-03-02 11:04:57,305 - INFO - Starting match_geometries()
2025-03-02 11:04:57,314 - INFO - Starting match_geometries()
2025-03-02 11:04:57,542 - INFO - Retrieved 100000 records from curr_blobs_wkt.
2025-03-02 11:04:57,550 - INFO - Chunk ['c802n2u', 'c80251v', 'c8081tg']...: 100000 prev, 100000 curr polygons
2025-03-02 11:04:57,568 - INFO - Starting match_geometries()
2025-03-02 11:04:57,642 - INFO - match_geometries: Found 0 matches
2025-03-02 11:04:57,643 - INFO - Found 0 matches in chunk ['9r91uf2', '9r91ztj', '9r944p7']...
2025-03-02 11:04:57,643 - INFO - Chunk ['9r91uf2', '9r91ztj', '9r944p7'] completed in 1.8252 sec, Memory Used: 121.69 MB
2025-03-02 11:04:57,697 - INFO - match_geometries: Found 0 matches
2025-03-02 11:04:57,697 - INFO - Found 0 matches in chunk ['9z3xn3n', '9z3xnff', '9z3z157']...
2025-03-02 11:04:57,698 - INFO - Chunk ['9z3xn3n', '9z3xnff', '9z3z157'] completed in 1.8614 sec, Memory Used: 100.39 MB
2025-03-02 11:04:57,851 - INFO - Starting match_geometries()
2025-03-02 11:04:57,918 - INFO - match_geometries: Found 1 matches
2025-03-02 11:04:57,919 - INFO - Found 1 matches in chunk ['c85u2d4', 'c85srhy', 'c85s6uy']...
2025-03-02 11:04:57,923 - INFO - Chunk ['c85u2d4', 'c85srhy', 'c85s6uy'] completed in 1.9552 sec, Memory Used: 291.20 MB
2025-03-02 11:04:58,125 - INFO - match_geometries: Found 2 matches
2025-03-02 11:04:58,125 - INFO - Found 2 matches in chunk ['9x1krm4', '9x1kqqm', '9x1s2z9']...
2025-03-02 11:04:58,131 - INFO - Chunk ['9x1krm4', '9x1kqqm', '9x1s2z9'] completed in 2.2870 sec, Memory Used: 265.33 MB
2025-03-02 11:04:58,150 - INFO - match_geometries: Found 0 matches
2025-03-02 11:04:58,151 - INFO - Found 0 matches in chunk ['c802n2u', 'c80251v', 'c8081tg']...
2025-03-02 11:04:58,151 - INFO - Chunk ['c802n2u', 'c80251v', 'c8081tg'] completed in 1.7811 sec, Memory Used: 542.23 MB
2025-03-02 11:04:58,232 - INFO - Total Execution Time: 14.4751 sec, CPU Usage: 68.40%, Memory Usage: 1137.28MB
2025-03-02 11:41:43,144 - INFO - Function `convert_col_to_string` executed in 0.5752 sec, CPU: 8.80%, Memory: 46.06MB
2025-03-02 11:41:43,625 - INFO - Function `convert_col_to_string` executed in 0.4784 sec, CPU: 41.80%, Memory: 36.05MB
2025-03-02 11:41:43,652 - INFO - Function `df_itertuple` executed in 0.0208 sec, CPU: 7.10%, Memory: 0.00MB
2025-03-02 11:41:43,669 - INFO - Function `df_itertuple` executed in 0.0137 sec, CPU: 8.30%, Memory: 0.00MB
2025-03-02 11:41:43,728 - INFO - Function `create_pg_db` executed in 0.0538 sec, CPU: 7.70%, Memory: 0.00MB
2025-03-02 11:41:47,471 - INFO - Function `create_pg_table` executed in 3.6646 sec, CPU: 37.40%, Memory: 155.88MB
2025-03-02 11:41:51,303 - INFO - Function `create_pg_table` executed in 3.5701 sec, CPU: 12.10%, Memory: 3.38MB
2025-03-02 11:41:51,919 - INFO - Function `retrieve_pg_table` executed in 0.4183 sec, CPU: 7.80%, Memory: 0.81MB
2025-03-02 11:41:52,343 - INFO - Function `retrieve_pg_table` executed in 0.4230 sec, CPU: 30.60%, Memory: 35.86MB
2025-03-02 11:41:56,458 - INFO - Retrieved 100000 records from prev_blobs_wkt.
2025-03-02 11:41:56,480 - INFO - Using batch size: 5000, Total batches: 20
2025-03-02 11:41:58,653 - INFO - Retrieved 100000 records from prev_blobs_wkt.
2025-03-02 11:41:58,670 - INFO - Retrieved 100000 records from prev_blobs_wkt.
2025-03-02 11:41:58,679 - INFO - Retrieved 100000 records from prev_blobs_wkt.
2025-03-02 11:41:58,694 - INFO - Retrieved 100000 records from prev_blobs_wkt.
2025-03-02 11:41:58,697 - INFO - Retrieved 100000 records from prev_blobs_wkt.
2025-03-02 11:41:59,230 - INFO - Retrieved 100000 records from curr_blobs_wkt.
2025-03-02 11:41:59,233 - INFO - Chunk ['dn4j2kp', 'dn1trs7', 'dn1vf4p']...: 100000 prev, 100000 curr polygons
2025-03-02 11:41:59,278 - INFO - Retrieved 100000 records from curr_blobs_wkt.
2025-03-02 11:41:59,285 - INFO - Chunk ['djb5c9y', '9veckvb', '9vecd0t']...: 100000 prev, 100000 curr polygons
2025-03-02 11:41:59,286 - INFO - Retrieved 100000 records from curr_blobs_wkt.
2025-03-02 11:41:59,292 - INFO - Retrieved 100000 records from curr_blobs_wkt.
2025-03-02 11:41:59,296 - INFO - Chunk ['dnepq9c', 'dnep3k3', 'dnepmxb']...: 100000 prev, 100000 curr polygons
2025-03-02 11:41:59,296 - INFO - Chunk ['dhy2muq', 'dhy0wdc', 'dhy2dne']...: 100000 prev, 100000 curr polygons
2025-03-02 11:41:59,323 - INFO - Retrieved 100000 records from curr_blobs_wkt.
2025-03-02 11:41:59,327 - INFO - Chunk ['9yr0f7p', '9yr0cv5', '9yr1187']...: 100000 prev, 100000 curr polygons
2025-03-02 11:41:59,506 - INFO - Starting match_geometries()
2025-03-02 11:41:59,576 - INFO - Starting match_geometries()
2025-03-02 11:41:59,587 - INFO - Starting match_geometries()
2025-03-02 11:41:59,601 - INFO - Starting match_geometries()
2025-03-02 11:41:59,649 - INFO - Starting match_geometries()
2025-03-02 11:41:59,815 - INFO - match_geometries: Found 0 matches
2025-03-02 11:41:59,815 - INFO - Found 0 matches in chunk ['dhy2muq', 'dhy0wdc', 'dhy2dne']...
2025-03-02 11:41:59,815 - INFO - Chunk ['dhy2muq', 'dhy0wdc', 'dhy2dne'] completed in 1.7028 sec, Memory Used: 555.27 MB
2025-03-02 11:41:59,861 - INFO - match_geometries: Found 0 matches
2025-03-02 11:41:59,861 - INFO - Found 0 matches in chunk ['dn4j2kp', 'dn1trs7', 'dn1vf4p']...
2025-03-02 11:41:59,861 - INFO - Chunk ['dn4j2kp', 'dn1trs7', 'dn1vf4p'] completed in 1.7470 sec, Memory Used: 553.50 MB
2025-03-02 11:42:00,071 - INFO - match_geometries: Found 1 matches
2025-03-02 11:42:00,072 - INFO - Found 1 matches in chunk ['9yr0f7p', '9yr0cv5', '9yr1187']...
2025-03-02 11:42:00,077 - INFO - Chunk ['9yr0f7p', '9yr0cv5', '9yr1187'] completed in 1.9654 sec, Memory Used: 792.73 MB
2025-03-02 11:42:00,136 - INFO - match_geometries: Found 1 matches
2025-03-02 11:42:00,136 - INFO - Found 1 matches in chunk ['djb5c9y', '9veckvb', '9vecd0t']...
2025-03-02 11:42:00,141 - INFO - Chunk ['djb5c9y', '9veckvb', '9vecd0t'] completed in 1.9985 sec, Memory Used: 767.20 MB
2025-03-02 11:42:00,176 - INFO - match_geometries: Found 1 matches
2025-03-02 11:42:00,177 - INFO - Found 1 matches in chunk ['dnepq9c', 'dnep3k3', 'dnepmxb']...
2025-03-02 11:42:00,183 - INFO - Chunk ['dnepq9c', 'dnep3k3', 'dnepmxb'] completed in 2.0404 sec, Memory Used: 767.02 MB
2025-03-02 11:42:01,873 - INFO - Retrieved 100000 records from prev_blobs_wkt.
2025-03-02 11:42:01,924 - INFO - Retrieved 100000 records from prev_blobs_wkt.
2025-03-02 11:42:02,222 - INFO - Retrieved 100000 records from prev_blobs_wkt.
2025-03-02 11:42:02,262 - INFO - Retrieved 100000 records from prev_blobs_wkt.
2025-03-02 11:42:02,269 - INFO - Retrieved 100000 records from prev_blobs_wkt.
2025-03-02 11:42:02,458 - INFO - Retrieved 100000 records from curr_blobs_wkt.
2025-03-02 11:42:02,463 - INFO - Chunk ['dnsjn36', 'dnsjnfr', 'dnsjpsk']...: 100000 prev, 100000 curr polygons
2025-03-02 11:42:02,531 - INFO - Retrieved 100000 records from curr_blobs_wkt.
2025-03-02 11:42:02,536 - INFO - Chunk ['dp44th5', 'dp44eus', 'dp44ese']...: 100000 prev, 100000 curr polygons
2025-03-02 11:42:02,769 - INFO - Starting match_geometries()
2025-03-02 11:42:02,795 - INFO - Retrieved 100000 records from curr_blobs_wkt.
2025-03-02 11:42:02,802 - INFO - Chunk ['dppqp35', 'dppnhdb', 'dppn4qj']...: 100000 prev, 100000 curr polygons
2025-03-02 11:42:02,835 - INFO - Starting match_geometries()
2025-03-02 11:42:02,846 - INFO - Retrieved 100000 records from curr_blobs_wkt.
2025-03-02 11:42:02,847 - INFO - Retrieved 100000 records from curr_blobs_wkt.
2025-03-02 11:42:02,851 - INFO - Chunk ['cb57zez', 'cb5ebuw', 'cb5egxr']...: 100000 prev, 100000 curr polygons
2025-03-02 11:42:02,853 - INFO - Chunk ['drv0sq7', 'dru8sp5', 'drv2wxh']...: 100000 prev, 100000 curr polygons
2025-03-02 11:42:03,128 - INFO - Starting match_geometries()
2025-03-02 11:42:03,140 - INFO - match_geometries: Found 0 matches
2025-03-02 11:42:03,140 - INFO - Found 0 matches in chunk ['dnsjn36', 'dnsjnfr', 'dnsjpsk']...
2025-03-02 11:42:03,141 - INFO - Chunk ['dnsjn36', 'dnsjnfr', 'dnsjpsk'] completed in 1.7814 sec, Memory Used: 202.98 MB
2025-03-02 11:42:03,148 - INFO - Starting match_geometries()
2025-03-02 11:42:03,152 - INFO - Skipping batch - No overlapping geohashes
2025-03-02 11:42:03,194 - INFO - match_geometries: Found 0 matches
2025-03-02 11:42:03,194 - INFO - Found 0 matches in chunk ['dp44th5', 'dp44eus', 'dp44ese']...
2025-03-02 11:42:03,195 - INFO - Chunk ['dp44th5', 'dp44eus', 'dp44ese'] completed in 1.8134 sec, Memory Used: 115.08 MB
2025-03-02 11:42:03,455 - INFO - match_geometries: Found 0 matches
2025-03-02 11:42:03,455 - INFO - Found 0 matches in chunk ['cb57zez', 'cb5ebuw', 'cb5egxr']...
2025-03-02 11:42:03,455 - INFO - Chunk ['cb57zez', 'cb5ebuw', 'cb5egxr'] completed in 1.7120 sec, Memory Used: 396.03 MB
2025-03-02 11:42:03,693 - INFO - match_geometries: Found 0 matches
2025-03-02 11:42:03,693 - INFO - Found 0 matches in chunk ['dppqp35', 'dppnhdb', 'dppn4qj']...
2025-03-02 11:42:03,694 - INFO - Chunk ['dppqp35', 'dppnhdb', 'dppn4qj'] completed in 1.9858 sec, Memory Used: 379.92 MB
2025-03-02 11:42:05,197 - INFO - Retrieved 100000 records from prev_blobs_wkt.
2025-03-02 11:42:05,203 - INFO - Retrieved 100000 records from prev_blobs_wkt.
2025-03-02 11:42:05,292 - INFO - Retrieved 100000 records from prev_blobs_wkt.
2025-03-02 11:42:05,687 - INFO - Retrieved 100000 records from prev_blobs_wkt.
2025-03-02 11:42:05,695 - INFO - Retrieved 100000 records from prev_blobs_wkt.
2025-03-02 11:42:05,732 - INFO - Retrieved 100000 records from curr_blobs_wkt.
2025-03-02 11:42:05,735 - INFO - Chunk ['9wrb5tb', '9wr8pp6', '9y0pw7q']...: 100000 prev, 100000 curr polygons
2025-03-02 11:42:05,759 - INFO - Retrieved 100000 records from curr_blobs_wkt.
2025-03-02 11:42:05,763 - INFO - Chunk ['9tuj53z', '9tuj541', '9tgvq1m']...: 100000 prev, 100000 curr polygons
2025-03-02 11:42:06,034 - INFO - Starting match_geometries()
2025-03-02 11:42:06,065 - INFO - Starting match_geometries()
2025-03-02 11:42:06,092 - INFO - Retrieved 100000 records from curr_blobs_wkt.
2025-03-02 11:42:06,100 - INFO - Chunk ['9qj3u5y', '9qj6n84', '9qh9ncb']...: 100000 prev, 100000 curr polygons
2025-03-02 11:42:06,250 - INFO - Retrieved 100000 records from curr_blobs_wkt.
2025-03-02 11:42:06,256 - INFO - Chunk ['9qx5bz0', '9qwebpf', '9qwsj7m']...: 100000 prev, 100000 curr polygons
2025-03-02 11:42:06,280 - INFO - match_geometries: Found 0 matches
2025-03-02 11:42:06,280 - INFO - Found 0 matches in chunk ['9wrb5tb', '9wr8pp6', '9y0pw7q']...
2025-03-02 11:42:06,280 - INFO - Chunk ['9wrb5tb', '9wr8pp6', '9y0pw7q'] completed in 1.6083 sec, Memory Used: 372.70 MB
2025-03-02 11:42:06,282 - INFO - Retrieved 100000 records from curr_blobs_wkt.
2025-03-02 11:42:06,289 - INFO - Chunk ['9z005fd', '9wzwuxt', '9wzz15m']...: 100000 prev, 100000 curr polygons
2025-03-02 11:42:06,408 - INFO - Starting match_geometries()
2025-03-02 11:42:06,543 - INFO - Skipping batch - No overlapping geohashes
2025-03-02 11:42:06,595 - INFO - Starting match_geometries()
2025-03-02 11:42:06,673 - INFO - match_geometries: Found 1 matches
2025-03-02 11:42:06,673 - INFO - Found 1 matches in chunk ['9tuj53z', '9tuj541', '9tgvq1m']...
2025-03-02 11:42:06,678 - INFO - Chunk ['9tuj53z', '9tuj541', '9tgvq1m'] completed in 2.0233 sec, Memory Used: 7.59 MB
2025-03-02 11:42:06,761 - INFO - match_geometries: Found 1 matches
2025-03-02 11:42:06,761 - INFO - Found 1 matches in chunk ['9qj3u5y', '9qj6n84', '9qh9ncb']...
2025-03-02 11:42:06,766 - INFO - Chunk ['9qj3u5y', '9qj6n84', '9qh9ncb'] completed in 2.0737 sec, Memory Used: 181.66 MB
2025-03-02 11:42:06,925 - INFO - match_geometries: Found 0 matches
2025-03-02 11:42:06,925 - INFO - Found 0 matches in chunk ['9z005fd', '9wzwuxt', '9wzz15m']...
2025-03-02 11:42:06,925 - INFO - Chunk ['9z005fd', '9wzwuxt', '9wzz15m'] completed in 1.7503 sec, Memory Used: 395.98 MB
2025-03-02 11:42:08,208 - INFO - Retrieved 100000 records from prev_blobs_wkt.
2025-03-02 11:42:08,629 - INFO - Retrieved 100000 records from prev_blobs_wkt.
2025-03-02 11:42:08,681 - INFO - Retrieved 100000 records from prev_blobs_wkt.
2025-03-02 11:42:08,713 - INFO - Retrieved 100000 records from prev_blobs_wkt.
2025-03-02 11:42:08,869 - INFO - Retrieved 100000 records from curr_blobs_wkt.
2025-03-02 11:42:08,874 - INFO - Chunk ['9z3xn3n', '9z3xnff', '9z3z157']...: 100000 prev, 100000 curr polygons
2025-03-02 11:42:09,184 - INFO - Starting match_geometries()
2025-03-02 11:42:09,216 - INFO - Retrieved 100000 records from curr_blobs_wkt.
2025-03-02 11:42:09,220 - INFO - Chunk ['9x1krm4', '9x1kqqm', '9x1s2z9']...: 100000 prev, 100000 curr polygons
2025-03-02 11:42:09,256 - INFO - Retrieved 100000 records from prev_blobs_wkt.
2025-03-02 11:42:09,273 - INFO - Retrieved 100000 records from curr_blobs_wkt.
2025-03-02 11:42:09,277 - INFO - Chunk ['9r91uf2', '9r91ztj', '9r944p7']...: 100000 prev, 100000 curr polygons
2025-03-02 11:42:09,314 - INFO - Retrieved 100000 records from curr_blobs_wkt.
2025-03-02 11:42:09,318 - INFO - Chunk ['c85u2d4', 'c85srhy', 'c85s6uy']...: 100000 prev, 100000 curr polygons
2025-03-02 11:42:09,520 - INFO - Starting match_geometries()
2025-03-02 11:42:09,562 - INFO - match_geometries: Found 0 matches
2025-03-02 11:42:09,563 - INFO - Found 0 matches in chunk ['9z3xn3n', '9z3xnff', '9z3z157']...
2025-03-02 11:42:09,563 - INFO - Chunk ['9z3xn3n', '9z3xnff', '9z3z157'] completed in 1.9152 sec, Memory Used: 399.62 MB
2025-03-02 11:42:09,582 - INFO - Starting match_geometries()
2025-03-02 11:42:09,647 - INFO - Starting match_geometries()
2025-03-02 11:42:09,838 - INFO - Retrieved 100000 records from curr_blobs_wkt.
2025-03-02 11:42:09,842 - INFO - Chunk ['c802n2u', 'c80251v', 'c8081tg']...: 100000 prev, 100000 curr polygons
2025-03-02 11:42:09,921 - INFO - Found 0 matches in chunk ['9r91uf2', '9r91ztj', '9r944p7']...
2025-03-02 11:42:09,921 - INFO - match_geometries: Found 0 matches
2025-03-02 11:42:09,921 - INFO - Chunk ['9r91uf2', '9r91ztj', '9r944p7'] completed in 1.7699 sec, Memory Used: 31.38 MB
2025-03-02 11:42:09,987 - INFO - match_geometries: Found 1 matches
2025-03-02 11:42:09,988 - INFO - Found 1 matches in chunk ['c85u2d4', 'c85srhy', 'c85s6uy']...
2025-03-02 11:42:09,993 - INFO - Chunk ['c85u2d4', 'c85srhy', 'c85s6uy'] completed in 1.8543 sec, Memory Used: 99.00 MB
2025-03-02 11:42:10,113 - INFO - Starting match_geometries()
2025-03-02 11:42:10,288 - INFO - match_geometries: Found 2 matches
2025-03-02 11:42:10,288 - INFO - Found 2 matches in chunk ['9x1krm4', '9x1kqqm', '9x1s2z9']...
2025-03-02 11:42:10,295 - INFO - Chunk ['9x1krm4', '9x1kqqm', '9x1s2z9'] completed in 2.2031 sec, Memory Used: 268.94 MB
2025-03-02 11:42:10,405 - INFO - match_geometries: Found 0 matches
2025-03-02 11:42:10,405 - INFO - Found 0 matches in chunk ['c802n2u', 'c80251v', 'c8081tg']...
2025-03-02 11:42:10,405 - INFO - Chunk ['c802n2u', 'c80251v', 'c8081tg'] completed in 1.7148 sec, Memory Used: 717.50 MB
2025-03-02 11:42:10,465 - INFO - Total Execution Time: 13.9848 sec, CPU Usage: 65.50%, Memory Usage: 1354.81MB
2025-03-02 11:42:10,568 - INFO - Function `run_parallel_matching` executed in 14.9195 sec, CPU: 4.50%, Memory: 1510.27MB
2025-03-02 11:42:50,065 - INFO - Retrieved 100000 records from prev_blobs_wkt.
2025-03-02 11:42:50,090 - INFO - Using batch size: 5000, Total batches: 20
2025-03-02 11:42:52,141 - INFO - Retrieved 100000 records from prev_blobs_wkt.
2025-03-02 11:42:52,150 - INFO - Retrieved 100000 records from prev_blobs_wkt.
2025-03-02 11:42:52,168 - INFO - Retrieved 100000 records from prev_blobs_wkt.
2025-03-02 11:42:52,191 - INFO - Retrieved 100000 records from prev_blobs_wkt.
2025-03-02 11:42:52,367 - INFO - Retrieved 100000 records from prev_blobs_wkt.
2025-03-02 11:42:52,707 - INFO - Retrieved 100000 records from curr_blobs_wkt.
2025-03-02 11:42:52,711 - INFO - Chunk ['dn4j2kp', 'dn1trs7', 'dn1vf4p']...: 100000 prev, 100000 curr polygons
2025-03-02 11:42:52,721 - INFO - Retrieved 100000 records from curr_blobs_wkt.
2025-03-02 11:42:52,726 - INFO - Chunk ['dhy2muq', 'dhy0wdc', 'dhy2dne']...: 100000 prev, 100000 curr polygons
2025-03-02 11:42:52,778 - INFO - Retrieved 100000 records from curr_blobs_wkt.
2025-03-02 11:42:52,783 - INFO - Chunk ['djb5c9y', '9veckvb', '9vecd0t']...: 100000 prev, 100000 curr polygons
2025-03-02 11:42:52,783 - INFO - Retrieved 100000 records from curr_blobs_wkt.
2025-03-02 11:42:52,787 - INFO - Chunk ['dnepq9c', 'dnep3k3', 'dnepmxb']...: 100000 prev, 100000 curr polygons
2025-03-02 11:42:53,011 - INFO - Starting match_geometries()
2025-03-02 11:42:53,021 - INFO - Starting match_geometries()
2025-03-02 11:42:53,038 - INFO - Retrieved 100000 records from curr_blobs_wkt.
2025-03-02 11:42:53,044 - INFO - Chunk ['9yr0f7p', '9yr0cv5', '9yr1187']...: 100000 prev, 100000 curr polygons
2025-03-02 11:42:53,071 - INFO - Starting match_geometries()
2025-03-02 11:42:53,103 - INFO - Starting match_geometries()
2025-03-02 11:42:53,242 - INFO - match_geometries: Found 0 matches
2025-03-02 11:42:53,242 - INFO - Found 0 matches in chunk ['dhy2muq', 'dhy0wdc', 'dhy2dne']...
2025-03-02 11:42:53,243 - INFO - Chunk ['dhy2muq', 'dhy0wdc', 'dhy2dne'] completed in 1.6337 sec, Memory Used: 590.22 MB
2025-03-02 11:42:53,346 - INFO - Starting match_geometries()
2025-03-02 11:42:53,354 - INFO - match_geometries: Found 0 matches
2025-03-02 11:42:53,354 - INFO - Found 0 matches in chunk ['dn4j2kp', 'dn1trs7', 'dn1vf4p']...
2025-03-02 11:42:53,354 - INFO - Chunk ['dn4j2kp', 'dn1trs7', 'dn1vf4p'] completed in 1.7527 sec, Memory Used: 723.28 MB
2025-03-02 11:42:53,627 - INFO - match_geometries: Found 1 matches
2025-03-02 11:42:53,627 - INFO - Found 1 matches in chunk ['djb5c9y', '9veckvb', '9vecd0t']...
2025-03-02 11:42:53,632 - INFO - Chunk ['djb5c9y', '9veckvb', '9vecd0t'] completed in 2.0091 sec, Memory Used: 712.77 MB
2025-03-02 11:42:53,653 - INFO - match_geometries: Found 1 matches
2025-03-02 11:42:53,654 - INFO - Found 1 matches in chunk ['dnepq9c', 'dnep3k3', 'dnepmxb']...
2025-03-02 11:42:53,659 - INFO - Chunk ['dnepq9c', 'dnep3k3', 'dnepmxb'] completed in 2.0245 sec, Memory Used: 690.50 MB
2025-03-02 11:42:53,757 - INFO - match_geometries: Found 1 matches
2025-03-02 11:42:53,757 - INFO - Found 1 matches in chunk ['9yr0f7p', '9yr0cv5', '9yr1187']...
2025-03-02 11:42:53,762 - INFO - Chunk ['9yr0f7p', '9yr0cv5', '9yr1187'] completed in 2.0340 sec, Memory Used: 560.73 MB
2025-03-02 11:42:55,633 - INFO - Retrieved 100000 records from prev_blobs_wkt.
2025-03-02 11:42:55,661 - INFO - Retrieved 100000 records from prev_blobs_wkt.
2025-03-02 11:42:55,677 - INFO - Retrieved 100000 records from prev_blobs_wkt.
2025-03-02 11:42:56,090 - INFO - Retrieved 100000 records from prev_blobs_wkt.
2025-03-02 11:42:56,137 - INFO - Retrieved 100000 records from prev_blobs_wkt.
2025-03-02 11:42:56,201 - INFO - Retrieved 100000 records from curr_blobs_wkt.
2025-03-02 11:42:56,206 - INFO - Chunk ['dnsjn36', 'dnsjnfr', 'dnsjpsk']...: 100000 prev, 100000 curr polygons
2025-03-02 11:42:56,241 - INFO - Retrieved 100000 records from curr_blobs_wkt.
2025-03-02 11:42:56,246 - INFO - Chunk ['dp44th5', 'dp44eus', 'dp44ese']...: 100000 prev, 100000 curr polygons
2025-03-02 11:42:56,249 - INFO - Retrieved 100000 records from curr_blobs_wkt.
2025-03-02 11:42:56,255 - INFO - Chunk ['dppqp35', 'dppnhdb', 'dppn4qj']...: 100000 prev, 100000 curr polygons
2025-03-02 11:42:56,516 - INFO - Starting match_geometries()
2025-03-02 11:42:56,545 - INFO - Starting match_geometries()
2025-03-02 11:42:56,562 - INFO - Starting match_geometries()
2025-03-02 11:42:56,665 - INFO - Retrieved 100000 records from curr_blobs_wkt.
2025-03-02 11:42:56,674 - INFO - Chunk ['cb57zez', 'cb5ebuw', 'cb5egxr']...: 100000 prev, 100000 curr polygons
2025-03-02 11:42:56,702 - INFO - Retrieved 100000 records from curr_blobs_wkt.
2025-03-02 11:42:56,709 - INFO - Chunk ['drv0sq7', 'dru8sp5', 'drv2wxh']...: 100000 prev, 100000 curr polygons
2025-03-02 11:42:56,870 - INFO - match_geometries: Found 0 matches
2025-03-02 11:42:56,871 - INFO - Found 0 matches in chunk ['dnsjn36', 'dnsjnfr', 'dnsjpsk']...
2025-03-02 11:42:56,871 - INFO - Chunk ['dnsjn36', 'dnsjnfr', 'dnsjpsk'] completed in 1.7964 sec, Memory Used: 175.67 MB
2025-03-02 11:42:56,912 - INFO - match_geometries: Found 0 matches
2025-03-02 11:42:56,913 - INFO - Found 0 matches in chunk ['dp44th5', 'dp44eus', 'dp44ese']...
2025-03-02 11:42:56,913 - INFO - Chunk ['dp44th5', 'dp44eus', 'dp44ese'] completed in 1.7894 sec, Memory Used: 146.00 MB
2025-03-02 11:42:56,972 - INFO - Starting match_geometries()
2025-03-02 11:42:57,030 - INFO - Skipping batch - No overlapping geohashes
2025-03-02 11:42:57,139 - INFO - match_geometries: Found 0 matches
2025-03-02 11:42:57,139 - INFO - Found 0 matches in chunk ['dppqp35', 'dppnhdb', 'dppn4qj']...
2025-03-02 11:42:57,139 - INFO - Chunk ['dppqp35', 'dppnhdb', 'dppn4qj'] completed in 2.0386 sec, Memory Used: 266.27 MB
2025-03-02 11:42:57,285 - INFO - match_geometries: Found 0 matches
2025-03-02 11:42:57,285 - INFO - Found 0 matches in chunk ['cb57zez', 'cb5ebuw', 'cb5egxr']...
2025-03-02 11:42:57,285 - INFO - Chunk ['cb57zez', 'cb5ebuw', 'cb5egxr'] completed in 1.7416 sec, Memory Used: 487.30 MB
2025-03-02 11:42:59,002 - INFO - Retrieved 100000 records from prev_blobs_wkt.
2025-03-02 11:42:59,012 - INFO - Retrieved 100000 records from prev_blobs_wkt.
2025-03-02 11:42:59,121 - INFO - Retrieved 100000 records from prev_blobs_wkt.
2025-03-02 11:42:59,482 - INFO - Retrieved 100000 records from prev_blobs_wkt.
2025-03-02 11:42:59,563 - INFO - Retrieved 100000 records from curr_blobs_wkt.
2025-03-02 11:42:59,566 - INFO - Chunk ['9tuj53z', '9tuj541', '9tgvq1m']...: 100000 prev, 100000 curr polygons
2025-03-02 11:42:59,580 - INFO - Retrieved 100000 records from prev_blobs_wkt.
2025-03-02 11:42:59,587 - INFO - Retrieved 100000 records from curr_blobs_wkt.
2025-03-02 11:42:59,590 - INFO - Chunk ['9wrb5tb', '9wr8pp6', '9y0pw7q']...: 100000 prev, 100000 curr polygons
2025-03-02 11:42:59,845 - INFO - Retrieved 100000 records from curr_blobs_wkt.
2025-03-02 11:42:59,849 - INFO - Chunk ['9qj3u5y', '9qj6n84', '9qh9ncb']...: 100000 prev, 100000 curr polygons
2025-03-02 11:42:59,856 - INFO - Starting match_geometries()
2025-03-02 11:42:59,876 - INFO - Starting match_geometries()
2025-03-02 11:43:00,063 - INFO - Retrieved 100000 records from curr_blobs_wkt.
2025-03-02 11:43:00,071 - INFO - Chunk ['9qx5bz0', '9qwebpf', '9qwsj7m']...: 100000 prev, 100000 curr polygons
2025-03-02 11:43:00,118 - INFO - match_geometries: Found 0 matches
2025-03-02 11:43:00,118 - INFO - Found 0 matches in chunk ['9wrb5tb', '9wr8pp6', '9y0pw7q']...
2025-03-02 11:43:00,118 - INFO - Chunk ['9wrb5tb', '9wr8pp6', '9y0pw7q'] completed in 1.6682 sec, Memory Used: 329.94 MB
2025-03-02 11:43:00,162 - INFO - Starting match_geometries()
2025-03-02 11:43:00,229 - INFO - Retrieved 100000 records from curr_blobs_wkt.
2025-03-02 11:43:00,232 - INFO - Chunk ['9z005fd', '9wzwuxt', '9wzz15m']...: 100000 prev, 100000 curr polygons
2025-03-02 11:43:00,363 - INFO - Skipping batch - No overlapping geohashes
2025-03-02 11:43:00,429 - INFO - match_geometries: Found 1 matches
2025-03-02 11:43:00,429 - INFO - Found 1 matches in chunk ['9tuj53z', '9tuj541', '9tgvq1m']...
2025-03-02 11:43:00,434 - INFO - Chunk ['9tuj53z', '9tuj541', '9tgvq1m'] completed in 1.9709 sec, Memory Used: 78.77 MB
2025-03-02 11:43:00,491 - INFO - match_geometries: Found 1 matches
2025-03-02 11:43:00,491 - INFO - Found 1 matches in chunk ['9qj3u5y', '9qj6n84', '9qh9ncb']...
2025-03-02 11:43:00,497 - INFO - Chunk ['9qj3u5y', '9qj6n84', '9qh9ncb'] completed in 1.9737 sec, Memory Used: 62.69 MB
2025-03-02 11:43:00,512 - INFO - Starting match_geometries()
2025-03-02 11:43:00,854 - INFO - match_geometries: Found 0 matches
2025-03-02 11:43:00,854 - INFO - Found 0 matches in chunk ['9z005fd', '9wzwuxt', '9wzz15m']...
2025-03-02 11:43:00,854 - INFO - Chunk ['9z005fd', '9wzwuxt', '9wzz15m'] completed in 1.8063 sec, Memory Used: 294.44 MB
2025-03-02 11:43:02,428 - INFO - Retrieved 100000 records from prev_blobs_wkt.
2025-03-02 11:43:02,450 - INFO - Retrieved 100000 records from prev_blobs_wkt.
2025-03-02 11:43:02,457 - INFO - Retrieved 100000 records from prev_blobs_wkt.
2025-03-02 11:43:02,868 - INFO - Retrieved 100000 records from prev_blobs_wkt.
2025-03-02 11:43:02,930 - INFO - Retrieved 100000 records from prev_blobs_wkt.
2025-03-02 11:43:02,998 - INFO - Retrieved 100000 records from curr_blobs_wkt.
2025-03-02 11:43:03,002 - INFO - Chunk ['9z3xn3n', '9z3xnff', '9z3z157']...: 100000 prev, 100000 curr polygons
2025-03-02 11:43:03,042 - INFO - Retrieved 100000 records from curr_blobs_wkt.
2025-03-02 11:43:03,045 - INFO - Chunk ['9x1krm4', '9x1kqqm', '9x1s2z9']...: 100000 prev, 100000 curr polygons
2025-03-02 11:43:03,058 - INFO - Retrieved 100000 records from curr_blobs_wkt.
2025-03-02 11:43:03,062 - INFO - Chunk ['9r91uf2', '9r91ztj', '9r944p7']...: 100000 prev, 100000 curr polygons
2025-03-02 11:43:03,295 - INFO - Starting match_geometries()
2025-03-02 11:43:03,350 - INFO - Starting match_geometries()
2025-03-02 11:43:03,373 - INFO - Starting match_geometries()
2025-03-02 11:43:03,461 - INFO - Retrieved 100000 records from curr_blobs_wkt.
2025-03-02 11:43:03,469 - INFO - Chunk ['c85u2d4', 'c85srhy', 'c85s6uy']...: 100000 prev, 100000 curr polygons
2025-03-02 11:43:03,621 - INFO - Retrieved 100000 records from curr_blobs_wkt.
2025-03-02 11:43:03,626 - INFO - Chunk ['c802n2u', 'c80251v', 'c8081tg']...: 100000 prev, 100000 curr polygons
2025-03-02 11:43:03,660 - INFO - match_geometries: Found 0 matches
2025-03-02 11:43:03,661 - INFO - Found 0 matches in chunk ['9z3xn3n', '9z3xnff', '9z3z157']...
2025-03-02 11:43:03,661 - INFO - Chunk ['9z3xn3n', '9z3xnff', '9z3z157'] completed in 1.7823 sec, Memory Used: 241.92 MB
2025-03-02 11:43:03,721 - INFO - match_geometries: Found 0 matches
2025-03-02 11:43:03,722 - INFO - Found 0 matches in chunk ['9r91uf2', '9r91ztj', '9r944p7']...
2025-03-02 11:43:03,722 - INFO - Chunk ['9r91uf2', '9r91ztj', '9r944p7'] completed in 1.8293 sec, Memory Used: 218.22 MB
2025-03-02 11:43:03,799 - INFO - Starting match_geometries()
2025-03-02 11:43:03,923 - INFO - Starting match_geometries()
2025-03-02 11:43:04,113 - INFO - match_geometries: Found 1 matches
2025-03-02 11:43:04,113 - INFO - Found 1 matches in chunk ['c85u2d4', 'c85srhy', 'c85s6uy']...
2025-03-02 11:43:04,118 - INFO - Chunk ['c85u2d4', 'c85srhy', 'c85s6uy'] completed in 1.7888 sec, Memory Used: 293.95 MB
2025-03-02 11:43:04,189 - INFO - match_geometries: Found 2 matches
2025-03-02 11:43:04,189 - INFO - Found 2 matches in chunk ['9x1krm4', '9x1kqqm', '9x1s2z9']...
2025-03-02 11:43:04,194 - INFO - Chunk ['9x1krm4', '9x1kqqm', '9x1s2z9'] completed in 2.2940 sec, Memory Used: 206.64 MB
2025-03-02 11:43:04,233 - INFO - match_geometries: Found 0 matches
2025-03-02 11:43:04,233 - INFO - Found 0 matches in chunk ['c802n2u', 'c80251v', 'c8081tg']...
2025-03-02 11:43:04,234 - INFO - Chunk ['c802n2u', 'c80251v', 'c8081tg'] completed in 1.8682 sec, Memory Used: 436.62 MB
2025-03-02 11:43:04,305 - INFO - Total Execution Time: 14.2129 sec, CPU Usage: 66.60%, Memory Usage: 853.94MB
2025-03-02 11:47:40,161 - INFO - Function `convert_col_to_string` executed in 0.0063 sec, CPU: 72.70%, Memory: 0.66MB
2025-03-02 11:47:40,170 - INFO - Function `convert_col_to_string` executed in 0.0069 sec, CPU: 20.00%, Memory: 0.30MB
2025-03-02 11:47:40,176 - INFO - Function `df_itertuple` executed in 0.0003 sec, CPU: 0.00%, Memory: 0.00MB
2025-03-02 11:47:40,178 - INFO - Function `df_itertuple` executed in 0.0003 sec, CPU: 0.00%, Memory: 0.00MB
2025-03-02 11:47:40,210 - INFO - Function `create_pg_db` executed in 0.0285 sec, CPU: 0.00%, Memory: 0.00MB
2025-03-02 11:47:40,289 - INFO - Function `create_pg_table` executed in 0.0652 sec, CPU: 0.00%, Memory: 0.00MB
2025-03-02 11:47:40,337 - INFO - Function `create_pg_table` executed in 0.0449 sec, CPU: 0.00%, Memory: 0.00MB
2025-03-02 11:47:40,352 - INFO - Function `retrieve_pg_table` executed in 0.0088 sec, CPU: 0.00%, Memory: 0.00MB
2025-03-02 11:47:40,359 - INFO - Function `retrieve_pg_table` executed in 0.0070 sec, CPU: 0.00%, Memory: 0.00MB
2025-03-02 11:47:40,664 - INFO - Retrieved 1000 records from prev_blobs_wkt.
2025-03-02 11:47:40,667 - INFO - Using batch size: 1000, Total batches: 1
2025-03-02 11:47:41,980 - INFO - Retrieved 1000 records from prev_blobs_wkt.
2025-03-02 11:47:41,992 - INFO - Retrieved 1000 records from curr_blobs_wkt.
2025-03-02 11:47:41,992 - INFO - Chunk ['dhvekv', 'dhvyk7', 'djjmzm']...: 1000 prev, 1000 curr polygons
2025-03-02 11:47:42,030 - INFO - Skipping batch - No overlapping geohashes
2025-03-02 11:47:42,099 - INFO - Total Execution Time: 1.4318 sec, CPU Usage: 50.40%, Memory Usage: 124.41MB
2025-03-02 12:03:32,416 - INFO - Function `convert_col_to_string` executed in 0.0075 sec, CPU: 38.00%, Memory: 3.31MB
2025-03-02 12:03:32,423 - INFO - Function `convert_col_to_string` executed in 0.0059 sec, CPU: 0.00%, Memory: 0.59MB
2025-03-02 12:03:32,431 - INFO - Function `df_itertuple` executed in 0.0004 sec, CPU: 0.00%, Memory: 0.03MB
2025-03-02 12:03:32,433 - INFO - Function `df_itertuple` executed in 0.0008 sec, CPU: 0.00%, Memory: 0.00MB
2025-03-02 12:03:32,468 - INFO - Function `create_pg_db` executed in 0.0318 sec, CPU: 0.00%, Memory: 0.00MB
2025-03-02 12:03:32,554 - INFO - Function `create_pg_table` executed in 0.0703 sec, CPU: 0.00%, Memory: 0.00MB
2025-03-02 12:03:32,600 - INFO - Function `create_pg_table` executed in 0.0432 sec, CPU: 0.00%, Memory: 0.00MB
2025-03-02 12:03:32,616 - INFO - Function `retrieve_pg_table` executed in 0.0095 sec, CPU: 0.00%, Memory: 0.00MB
2025-03-02 12:03:32,623 - INFO - Function `retrieve_pg_table` executed in 0.0066 sec, CPU: 0.00%, Memory: 0.00MB
2025-03-02 12:03:32,808 - INFO - Retrieved 1000 records from prev_blobs_wkt.
2025-03-02 12:03:32,812 - INFO - Using batch size: 1000, Total batches: 1
2025-03-02 12:03:34,234 - INFO - Retrieved 1000 records from prev_blobs_wkt.
2025-03-02 12:03:34,243 - INFO - Retrieved 1000 records from curr_blobs_wkt.
2025-03-02 12:03:34,243 - INFO - Chunk ['dhvekv', 'dhvyk7', 'djjmzm']...: 1000 prev, 1000 curr polygons
2025-03-02 12:03:34,280 - INFO - Skipping batch - No overlapping geohashes
2025-03-02 12:03:34,343 - INFO - Total Execution Time: 1.5309 sec, CPU Usage: 45.40%, Memory Usage: 182.95MB
2025-03-02 12:03:34,417 - INFO - Function `run_parallel_matching` executed in 1.7370 sec, CPU: 29.80%, Memory: 255.67MB
2025-03-02 12:03:38,675 - INFO - Function `convert_col_to_string` executed in 0.0069 sec, CPU: 0.60%, Memory: 0.34MB
2025-03-02 12:03:38,682 - INFO - Function `convert_col_to_string` executed in 0.0063 sec, CPU: 66.70%, Memory: 0.02MB
2025-03-02 12:03:38,690 - INFO - Function `df_itertuple` executed in 0.0005 sec, CPU: 60.00%, Memory: 0.00MB
2025-03-02 12:03:38,692 - INFO - Function `df_itertuple` executed in 0.0004 sec, CPU: 0.00%, Memory: 0.00MB
2025-03-02 12:03:38,701 - INFO - Function `create_pg_db` executed in 0.0050 sec, CPU: 0.00%, Memory: 0.00MB
2025-03-02 12:03:38,861 - INFO - Function `create_pg_table` executed in 0.1467 sec, CPU: 0.00%, Memory: 0.00MB
2025-03-02 12:03:38,907 - INFO - Function `create_pg_table` executed in 0.0424 sec, CPU: 0.00%, Memory: 0.00MB
2025-03-02 12:03:38,921 - INFO - Function `retrieve_pg_table` executed in 0.0093 sec, CPU: 0.00%, Memory: 0.00MB
2025-03-02 12:03:38,928 - INFO - Function `retrieve_pg_table` executed in 0.0064 sec, CPU: 0.00%, Memory: 0.00MB
2025-03-02 12:03:39,078 - INFO - Retrieved 1000 records from prev_blobs_wkt.
2025-03-02 12:03:39,082 - INFO - Using batch size: 1000, Total batches: 1
2025-03-02 12:03:40,237 - INFO - Retrieved 1000 records from prev_blobs_wkt.
2025-03-02 12:03:40,248 - INFO - Retrieved 1000 records from curr_blobs_wkt.
2025-03-02 12:03:40,248 - INFO - Chunk ['dhvekv', 'dhvyk7', 'djjmzm']...: 1000 prev, 1000 curr polygons
2025-03-02 12:03:40,285 - INFO - Skipping batch - No overlapping geohashes
2025-03-02 12:03:40,348 - INFO - Total Execution Time: 1.2659 sec, CPU Usage: 54.60%, Memory Usage: 17.53MB
2025-03-02 12:03:40,417 - INFO - Function `run_parallel_matching` executed in 1.4303 sec, CPU: 45.60%, Memory: 90.27MB
2025-03-02 12:05:24,984 - INFO - Function `convert_col_to_string` executed in 0.0066 sec, CPU: 79.20%, Memory: 3.77MB
2025-03-02 12:05:24,992 - INFO - Function `convert_col_to_string` executed in 0.0063 sec, CPU: 25.00%, Memory: 7.33MB
2025-03-02 12:05:24,998 - INFO - Function `df_itertuple` executed in 0.0003 sec, CPU: 0.00%, Memory: 0.03MB
2025-03-02 12:05:25,001 - INFO - Function `df_itertuple` executed in 0.0009 sec, CPU: 0.00%, Memory: 0.00MB
2025-03-02 12:05:25,043 - INFO - Function `create_pg_db` executed in 0.0386 sec, CPU: 0.00%, Memory: 0.00MB
2025-03-02 12:05:25,208 - INFO - Function `create_pg_table` executed in 0.0779 sec, CPU: 0.00%, Memory: 0.00MB
2025-03-02 12:05:25,257 - INFO - Function `create_pg_table` executed in 0.0454 sec, CPU: 0.00%, Memory: 0.00MB
2025-03-02 12:05:25,273 - INFO - Function `retrieve_pg_table` executed in 0.0104 sec, CPU: 0.00%, Memory: 0.00MB
2025-03-02 12:05:25,281 - INFO - Function `retrieve_pg_table` executed in 0.0069 sec, CPU: 0.00%, Memory: 0.00MB
2025-03-02 12:05:25,465 - INFO - Retrieved 1000 records from prev_blobs_wkt.
2025-03-02 12:05:25,468 - INFO - Using batch size: 1000, Total batches: 1
2025-03-02 12:05:27,017 - INFO - Retrieved 1000 records from prev_blobs_wkt.
2025-03-02 12:05:27,027 - INFO - Retrieved 1000 records from curr_blobs_wkt.
2025-03-02 12:05:27,027 - INFO - Chunk ['dhvekv', 'dhvyk7', 'djjmzm']...: 1000 prev, 1000 curr polygons
2025-03-02 12:05:27,064 - INFO - Skipping batch - No overlapping geohashes
2025-03-02 12:05:27,123 - INFO - Total Execution Time: 1.6546 sec, CPU Usage: 54.50%, Memory Usage: 34.61MB
2025-03-02 12:12:55,893 - INFO - Function `convert_col_to_string` executed in 0.0948 sec, CPU: 78.20%, Memory: 7.33MB
2025-03-02 12:12:55,916 - INFO - Function `convert_col_to_string` executed in 0.0208 sec, CPU: 26.20%, Memory: 10.30MB
2025-03-02 12:12:55,923 - INFO - Function `df_itertuple` executed in 0.0005 sec, CPU: 50.00%, Memory: 0.02MB
2025-03-02 12:12:55,925 - INFO - Function `df_itertuple` executed in 0.0004 sec, CPU: 33.30%, Memory: 0.00MB
2025-03-02 12:12:55,964 - INFO - Function `create_pg_db` executed in 0.0351 sec, CPU: 0.00%, Memory: 0.00MB
2025-03-02 12:12:56,044 - INFO - Function `create_pg_table` executed in 0.0653 sec, CPU: 0.00%, Memory: 0.00MB
2025-03-02 12:12:56,088 - INFO - Function `create_pg_table` executed in 0.0415 sec, CPU: 0.00%, Memory: 0.00MB
2025-03-02 12:12:56,104 - INFO - Function `retrieve_pg_table` executed in 0.0099 sec, CPU: 0.00%, Memory: 0.00MB
2025-03-02 12:12:56,112 - INFO - Function `retrieve_pg_table` executed in 0.0071 sec, CPU: 0.00%, Memory: 0.00MB
2025-03-02 12:12:56,289 - INFO - Retrieved 1000 records from prev_blobs_wkt.
2025-03-02 12:12:56,292 - INFO - Using batch size: 1000, Total batches: 1
2025-03-02 12:12:56,301 - INFO - Dispatched batch 1/1 (100% complete)
2025-03-02 12:12:57,815 - INFO - Retrieved 1000 records from prev_blobs_wkt.
2025-03-02 12:12:57,824 - INFO - Retrieved 1000 records from curr_blobs_wkt.
2025-03-02 12:12:57,824 - INFO - Chunk ['dhvekv', 'dhvyk7', 'djjmzm']...: 1000 prev, 1000 curr polygons
2025-03-02 12:12:57,861 - INFO - Skipping batch - No overlapping geohashes
2025-03-02 12:12:57,920 - INFO - Total Execution Time: 1.6277 sec, CPU Usage: 51.10%, Memory Usage: 298.48MB
